{"/home/travis/build/npmtest/node-npmtest-read-package-json/test.js":{"path":"/home/travis/build/npmtest/node-npmtest-read-package-json/test.js","s":{"1":2,"2":2,"3":2,"4":2,"5":2,"6":2,"7":2,"8":1,"9":2,"10":2,"11":1,"12":1,"13":1,"14":1,"15":2,"16":2,"17":2,"18":2,"19":1,"20":1,"21":2,"22":2,"23":2,"24":1,"25":1,"26":1,"27":1,"28":1,"29":1,"30":1,"31":1,"32":1,"33":1,"34":1,"35":1,"36":1,"37":1,"38":1,"39":2,"40":2,"41":1,"42":2,"43":2,"44":1,"45":2,"46":2,"47":1,"48":2,"49":2,"50":1,"51":1,"52":1,"53":1,"54":1},"b":{"1":[2,1,1,1],"2":[1,1,1,1],"3":[1,1],"4":[1,1],"5":[1,1],"6":[1,1],"7":[1,1],"8":[1,1],"9":[1,1],"10":[1,1,1],"11":[1,1],"12":[1,1],"13":[1,1],"14":[1,1],"15":[1,1],"16":[1,1],"17":[1,1]},"f":{"1":2,"2":2,"3":2,"4":2,"5":2,"6":1,"7":1,"8":1,"9":2,"10":2,"11":2,"12":2,"13":1},"fnMap":{"1":{"name":"(anonymous_1)","line":12,"loc":{"start":{"line":12,"column":1},"end":{"line":12,"column":13}}},"2":{"name":"(anonymous_2)","line":19,"loc":{"start":{"line":19,"column":5},"end":{"line":19,"column":17}}},"3":{"name":"(anonymous_3)","line":23,"loc":{"start":{"line":23,"column":24},"end":{"line":23,"column":36}}},"4":{"name":"(anonymous_4)","line":61,"loc":{"start":{"line":61,"column":5},"end":{"line":61,"column":17}}},"5":{"name":"(anonymous_5)","line":82,"loc":{"start":{"line":82,"column":5},"end":{"line":82,"column":17}}},"6":{"name":"(anonymous_6)","line":91,"loc":{"start":{"line":91,"column":77},"end":{"line":94,"column":10}}},"7":{"name":"(anonymous_7)","line":112,"loc":{"start":{"line":112,"column":83},"end":{"line":115,"column":10}},"skip":true},"8":{"name":"(anonymous_8)","line":123,"loc":{"start":{"line":123,"column":77},"end":{"line":126,"column":10}},"skip":true},"9":{"name":"(anonymous_9)","line":139,"loc":{"start":{"line":139,"column":12},"end":{"line":139,"column":40}},"skip":true},"10":{"name":"(anonymous_10)","line":147,"loc":{"start":{"line":147,"column":77},"end":{"line":150,"column":10}},"skip":true},"11":{"name":"(anonymous_11)","line":158,"loc":{"start":{"line":158,"column":83},"end":{"line":161,"column":10}},"skip":true},"12":{"name":"(anonymous_12)","line":169,"loc":{"start":{"line":169,"column":79},"end":{"line":172,"column":10}},"skip":true},"13":{"name":"(anonymous_13)","line":180,"loc":{"start":{"line":180,"column":75},"end":{"line":183,"column":10}},"skip":true}},"statementMap":{"1":{"start":{"line":12,"column":0},"end":{"line":195,"column":5}},"2":{"start":{"line":14,"column":4},"end":{"line":14,"column":14}},"3":{"start":{"line":19,"column":4},"end":{"line":56,"column":9}},"4":{"start":{"line":21,"column":8},"end":{"line":21,"column":19}},"5":{"start":{"line":23,"column":8},"end":{"line":35,"column":13}},"6":{"start":{"line":24,"column":12},"end":{"line":34,"column":13}},"7":{"start":{"line":25,"column":16},"end":{"line":28,"column":30}},"8":{"start":{"line":30,"column":16},"end":{"line":33,"column":27}},"9":{"start":{"line":37,"column":8},"end":{"line":39,"column":21}},"10":{"start":{"line":40,"column":8},"end":{"line":53,"column":9}},"11":{"start":{"line":43,"column":12},"end":{"line":46,"column":14}},"12":{"start":{"line":47,"column":12},"end":{"line":47,"column":18}},"13":{"start":{"line":50,"column":12},"end":{"line":51,"column":46}},"14":{"start":{"line":52,"column":12},"end":{"line":52,"column":18}},"15":{"start":{"line":55,"column":8},"end":{"line":55,"column":35}},"16":{"start":{"line":61,"column":4},"end":{"line":63,"column":9}},"17":{"start":{"line":62,"column":8},"end":{"line":62,"column":15}},"18":{"start":{"line":64,"column":4},"end":{"line":77,"column":5}},"19":{"start":{"line":70,"column":8},"end":{"line":70,"column":14}},"20":{"start":{"line":76,"column":8},"end":{"line":76,"column":14}},"21":{"start":{"line":82,"column":4},"end":{"line":84,"column":9}},"22":{"start":{"line":83,"column":8},"end":{"line":83,"column":15}},"23":{"start":{"line":85,"column":4},"end":{"line":194,"column":5}},"24":{"start":{"line":91,"column":8},"end":{"line":99,"column":10}},"25":{"start":{"line":98,"column":12},"end":{"line":98,"column":35}},"26":{"start":{"line":102,"column":8},"end":{"line":104,"column":63}},"27":{"start":{"line":105,"column":8},"end":{"line":105,"column":14}},"28":{"start":{"line":112,"column":8},"end":{"line":121,"column":10},"skip":true},"29":{"start":{"line":119,"column":12},"end":{"line":119,"column":55},"skip":true},"30":{"start":{"line":120,"column":12},"end":{"line":120,"column":48},"skip":true},"31":{"start":{"line":123,"column":8},"end":{"line":136,"column":10},"skip":true},"32":{"start":{"line":130,"column":12},"end":{"line":130,"column":76},"skip":true},"33":{"start":{"line":131,"column":12},"end":{"line":131,"column":73},"skip":true},"34":{"start":{"line":132,"column":12},"end":{"line":132,"column":74},"skip":true},"35":{"start":{"line":133,"column":12},"end":{"line":133,"column":79},"skip":true},"36":{"start":{"line":134,"column":12},"end":{"line":134,"column":25},"skip":true},"37":{"start":{"line":135,"column":12},"end":{"line":135,"column":45},"skip":true},"38":{"start":{"line":138,"column":8},"end":{"line":145,"column":14},"skip":true},"39":{"start":{"line":143,"column":16},"end":{"line":143,"column":29},"skip":true},"40":{"start":{"line":144,"column":16},"end":{"line":144,"column":55},"skip":true},"41":{"start":{"line":147,"column":8},"end":{"line":156,"column":10},"skip":true},"42":{"start":{"line":154,"column":12},"end":{"line":154,"column":25},"skip":true},"43":{"start":{"line":155,"column":12},"end":{"line":155,"column":45},"skip":true},"44":{"start":{"line":158,"column":8},"end":{"line":167,"column":10},"skip":true},"45":{"start":{"line":165,"column":12},"end":{"line":165,"column":25},"skip":true},"46":{"start":{"line":166,"column":12},"end":{"line":166,"column":48},"skip":true},"47":{"start":{"line":169,"column":8},"end":{"line":178,"column":10},"skip":true},"48":{"start":{"line":176,"column":12},"end":{"line":176,"column":25},"skip":true},"49":{"start":{"line":177,"column":12},"end":{"line":177,"column":46},"skip":true},"50":{"start":{"line":180,"column":8},"end":{"line":189,"column":10},"skip":true},"51":{"start":{"line":187,"column":12},"end":{"line":187,"column":94},"skip":true},"52":{"start":{"line":188,"column":12},"end":{"line":188,"column":48},"skip":true},"53":{"start":{"line":192,"column":8},"end":{"line":192,"column":35},"skip":true},"54":{"start":{"line":193,"column":8},"end":{"line":193,"column":14},"skip":true}},"branchMap":{"1":{"line":25,"type":"binary-expr","locations":[{"start":{"line":25,"column":23},"end":{"line":25,"column":62}},{"start":{"line":26,"column":20},"end":{"line":26,"column":70}},{"start":{"line":27,"column":20},"end":{"line":27,"column":71}},{"start":{"line":28,"column":20},"end":{"line":28,"column":29}}]},"2":{"line":30,"type":"binary-expr","locations":[{"start":{"line":30,"column":23},"end":{"line":30,"column":37}},{"start":{"line":31,"column":20},"end":{"line":31,"column":61}},{"start":{"line":32,"column":20},"end":{"line":32,"column":70}},{"start":{"line":33,"column":20},"end":{"line":33,"column":26}}]},"3":{"line":37,"type":"cond-expr","locations":[{"start":{"line":38,"column":14},"end":{"line":38,"column":20}},{"start":{"line":39,"column":14},"end":{"line":39,"column":20}}]},"4":{"line":40,"type":"switch","locations":[{"start":{"line":42,"column":8},"end":{"line":47,"column":18}},{"start":{"line":49,"column":8},"end":{"line":52,"column":18}}]},"5":{"line":44,"type":"binary-expr","locations":[{"start":{"line":44,"column":16},"end":{"line":44,"column":44}},{"start":{"line":44,"column":48},"end":{"line":44,"column":66}}]},"6":{"line":50,"type":"binary-expr","locations":[{"start":{"line":50,"column":21},"end":{"line":50,"column":49}},{"start":{"line":50,"column":53},"end":{"line":50,"column":72}}]},"7":{"line":64,"type":"switch","locations":[{"start":{"line":69,"column":4},"end":{"line":70,"column":14}},{"start":{"line":75,"column":4},"end":{"line":76,"column":14}}]},"8":{"line":85,"type":"switch","locations":[{"start":{"line":90,"column":4},"end":{"line":105,"column":14}},{"start":{"line":111,"column":4},"end":{"line":193,"column":14},"skip":true}]},"9":{"line":91,"type":"binary-expr","locations":[{"start":{"line":91,"column":42},"end":{"line":91,"column":73}},{"start":{"line":91,"column":77},"end":{"line":99,"column":9}}]},"10":{"line":102,"type":"binary-expr","locations":[{"start":{"line":102,"column":18},"end":{"line":102,"column":32}},{"start":{"line":103,"column":12},"end":{"line":103,"column":53}},{"start":{"line":104,"column":12},"end":{"line":104,"column":61}}]},"11":{"line":112,"type":"binary-expr","locations":[{"start":{"line":112,"column":45},"end":{"line":112,"column":79},"skip":true},{"start":{"line":112,"column":83},"end":{"line":121,"column":9},"skip":true}]},"12":{"line":123,"type":"binary-expr","locations":[{"start":{"line":123,"column":42},"end":{"line":123,"column":73},"skip":true},{"start":{"line":123,"column":77},"end":{"line":136,"column":9},"skip":true}]},"13":{"line":138,"type":"binary-expr","locations":[{"start":{"line":138,"column":48},"end":{"line":138,"column":85},"skip":true},{"start":{"line":139,"column":12},"end":{"line":145,"column":13},"skip":true}]},"14":{"line":147,"type":"binary-expr","locations":[{"start":{"line":147,"column":42},"end":{"line":147,"column":73},"skip":true},{"start":{"line":147,"column":77},"end":{"line":156,"column":9},"skip":true}]},"15":{"line":158,"type":"binary-expr","locations":[{"start":{"line":158,"column":45},"end":{"line":158,"column":79},"skip":true},{"start":{"line":158,"column":83},"end":{"line":167,"column":9},"skip":true}]},"16":{"line":169,"type":"binary-expr","locations":[{"start":{"line":169,"column":43},"end":{"line":169,"column":75},"skip":true},{"start":{"line":169,"column":79},"end":{"line":178,"column":9},"skip":true}]},"17":{"line":180,"type":"binary-expr","locations":[{"start":{"line":180,"column":41},"end":{"line":180,"column":71},"skip":true},{"start":{"line":180,"column":75},"end":{"line":189,"column":9},"skip":true}]}},"code":["/* istanbul instrument in package npmtest_read_package_json */","/*jslint","    bitwise: true,","    browser: true,","    maxerr: 8,","    maxlen: 96,","    node: true,","    nomen: true,","    regexp: true,","    stupid: true","*/","(function () {","    'use strict';","    var local;","","","","    // run shared js-env code - pre-init","    (function () {","        // init local","        local = {};","        // init modeJs","        local.modeJs = (function () {","            try {","                return typeof navigator.userAgent === 'string' &&","                    typeof document.querySelector('body') === 'object' &&","                    typeof XMLHttpRequest.prototype.open === 'function' &&","                    'browser';","            } catch (errorCaughtBrowser) {","                return module.exports &&","                    typeof process.versions.node === 'string' &&","                    typeof require('http').createServer === 'function' &&","                    'node';","            }","        }());","        // init global","        local.global = local.modeJs === 'browser'","            ? window","            : global;","        switch (local.modeJs) {","        // re-init local from window.local","        case 'browser':","            local = local.global.utility2.objectSetDefault(","                local.global.utility2_rollup || local.global.local,","                local.global.utility2","            );","            break;","        // re-init local from example.js","        case 'node':","            local = (local.global.utility2_rollup || require('utility2'))","                .requireExampleJsFromReadme();","            break;","        }","        // export local","        local.global.local = local;","    }());","","","","    // run shared js-env code - function","    (function () {","        return;","    }());","    switch (local.modeJs) {","","","","    // run browser js-env code - function","    case 'browser':","        break;","","","","    // run node js-env code - function","    case 'node':","        break;","    }","","","","    // run shared js-env code - post-init","    (function () {","        return;","    }());","    switch (local.modeJs) {","","","","    // run browser js-env code - post-init","    case 'browser':","        local.testCase_browser_nullCase = local.testCase_browser_nullCase || function (","            options,","            onError","        ) {","        /*","         * this function will test browsers's null-case handling-behavior-behavior","         */","            onError(null, options);","        };","","        // run tests","        local.nop(local.modeTest &&","            document.querySelector('#testRunButton1') &&","            document.querySelector('#testRunButton1').click());","        break;","","","","    // run node js-env code - post-init","    /* istanbul ignore next */","    case 'node':","        local.testCase_buildApidoc_default = local.testCase_buildApidoc_default || function (","            options,","            onError","        ) {","        /*","         * this function will test buildApidoc's default handling-behavior-behavior","         */","            options = { modulePathList: module.paths };","            local.buildApidoc(options, onError);","        };","","        local.testCase_buildApp_default = local.testCase_buildApp_default || function (","            options,","            onError","        ) {","        /*","         * this function will test buildApp's default handling-behavior-behavior","         */","            local.testCase_buildReadme_default(options, local.onErrorThrow);","            local.testCase_buildLib_default(options, local.onErrorThrow);","            local.testCase_buildTest_default(options, local.onErrorThrow);","            local.testCase_buildCustomOrg_default(options, local.onErrorThrow);","            options = [];","            local.buildApp(options, onError);","        };","","        local.testCase_buildCustomOrg_default = local.testCase_buildCustomOrg_default ||","            function (options, onError) {","            /*","             * this function will test buildCustomOrg's default handling-behavior","             */","                options = {};","                local.buildCustomOrg(options, onError);","            };","","        local.testCase_buildLib_default = local.testCase_buildLib_default || function (","            options,","            onError","        ) {","        /*","         * this function will test buildLib's default handling-behavior","         */","            options = {};","            local.buildLib(options, onError);","        };","","        local.testCase_buildReadme_default = local.testCase_buildReadme_default || function (","            options,","            onError","        ) {","        /*","         * this function will test buildReadme's default handling-behavior-behavior","         */","            options = {};","            local.buildReadme(options, onError);","        };","","        local.testCase_buildTest_default = local.testCase_buildTest_default || function (","            options,","            onError","        ) {","        /*","         * this function will test buildTest's default handling-behavior","         */","            options = {};","            local.buildTest(options, onError);","        };","","        local.testCase_webpage_default = local.testCase_webpage_default || function (","            options,","            onError","        ) {","        /*","         * this function will test webpage's default handling-behavior","         */","            options = { modeCoverageMerge: true, url: local.serverLocalHost + '?modeTest=1' };","            local.browserTest(options, onError);","        };","","        // run test-server","        local.testRunServer(local);","        break;","    }","}());",""],"l":{"12":2,"14":2,"19":2,"21":2,"23":2,"24":2,"25":2,"30":1,"37":2,"40":2,"43":1,"47":1,"50":1,"52":1,"55":2,"61":2,"62":2,"64":2,"70":1,"76":1,"82":2,"83":2,"85":2,"91":1,"98":1,"102":1,"105":1,"112":1,"119":1,"120":1,"123":1,"130":1,"131":1,"132":1,"133":1,"134":1,"135":1,"138":1,"143":2,"144":2,"147":1,"154":2,"155":2,"158":1,"165":2,"166":2,"169":1,"176":2,"177":2,"180":1,"187":1,"188":1,"192":1,"193":1}},"/home/travis/build/npmtest/node-npmtest-read-package-json/lib.npmtest_read_package_json.js":{"path":"/home/travis/build/npmtest/node-npmtest-read-package-json/lib.npmtest_read_package_json.js","s":{"1":2,"2":2,"3":2,"4":2,"5":2,"6":2,"7":2,"8":1,"9":2,"10":2,"11":2,"12":2,"13":1,"14":1,"15":1,"16":1},"b":{"1":[2,1,1,1],"2":[1,1,1,1],"3":[1,1],"4":[2,2],"5":[1,1]},"f":{"1":2,"2":2,"3":2},"fnMap":{"1":{"name":"(anonymous_1)","line":12,"loc":{"start":{"line":12,"column":1},"end":{"line":12,"column":13}}},"2":{"name":"(anonymous_2)","line":19,"loc":{"start":{"line":19,"column":5},"end":{"line":19,"column":17}}},"3":{"name":"(anonymous_3)","line":23,"loc":{"start":{"line":23,"column":24},"end":{"line":23,"column":36}}}},"statementMap":{"1":{"start":{"line":12,"column":0},"end":{"line":53,"column":5}},"2":{"start":{"line":14,"column":4},"end":{"line":14,"column":14}},"3":{"start":{"line":19,"column":4},"end":{"line":52,"column":9}},"4":{"start":{"line":21,"column":8},"end":{"line":21,"column":19}},"5":{"start":{"line":23,"column":8},"end":{"line":35,"column":13}},"6":{"start":{"line":24,"column":12},"end":{"line":34,"column":13}},"7":{"start":{"line":25,"column":16},"end":{"line":28,"column":30}},"8":{"start":{"line":30,"column":16},"end":{"line":33,"column":27}},"9":{"start":{"line":37,"column":8},"end":{"line":39,"column":21}},"10":{"start":{"line":41,"column":8},"end":{"line":41,"column":54}},"11":{"start":{"line":43,"column":8},"end":{"line":43,"column":62}},"12":{"start":{"line":45,"column":8},"end":{"line":51,"column":9}},"13":{"start":{"line":46,"column":12},"end":{"line":46,"column":68}},"14":{"start":{"line":48,"column":12},"end":{"line":48,"column":35}},"15":{"start":{"line":49,"column":12},"end":{"line":49,"column":49}},"16":{"start":{"line":50,"column":12},"end":{"line":50,"column":43}}},"branchMap":{"1":{"line":25,"type":"binary-expr","locations":[{"start":{"line":25,"column":23},"end":{"line":25,"column":62}},{"start":{"line":26,"column":20},"end":{"line":26,"column":70}},{"start":{"line":27,"column":20},"end":{"line":27,"column":71}},{"start":{"line":28,"column":20},"end":{"line":28,"column":29}}]},"2":{"line":30,"type":"binary-expr","locations":[{"start":{"line":30,"column":23},"end":{"line":30,"column":37}},{"start":{"line":31,"column":20},"end":{"line":31,"column":61}},{"start":{"line":32,"column":20},"end":{"line":32,"column":70}},{"start":{"line":33,"column":20},"end":{"line":33,"column":26}}]},"3":{"line":37,"type":"cond-expr","locations":[{"start":{"line":38,"column":14},"end":{"line":38,"column":20}},{"start":{"line":39,"column":14},"end":{"line":39,"column":20}}]},"4":{"line":41,"type":"binary-expr","locations":[{"start":{"line":41,"column":16},"end":{"line":41,"column":44}},{"start":{"line":41,"column":48},"end":{"line":41,"column":53}}]},"5":{"line":45,"type":"if","locations":[{"start":{"line":45,"column":8},"end":{"line":45,"column":8}},{"start":{"line":45,"column":8},"end":{"line":45,"column":8}}]}},"code":["/* istanbul instrument in package npmtest_read_package_json */","/*jslint","    bitwise: true,","    browser: true,","    maxerr: 8,","    maxlen: 96,","    node: true,","    nomen: true,","    regexp: true,","    stupid: true","*/","(function () {","    'use strict';","    var local;","","","","    // run shared js-env code - pre-init","    (function () {","        // init local","        local = {};","        // init modeJs","        local.modeJs = (function () {","            try {","                return typeof navigator.userAgent === 'string' &&","                    typeof document.querySelector('body') === 'object' &&","                    typeof XMLHttpRequest.prototype.open === 'function' &&","                    'browser';","            } catch (errorCaughtBrowser) {","                return module.exports &&","                    typeof process.versions.node === 'string' &&","                    typeof require('http').createServer === 'function' &&","                    'node';","            }","        }());","        // init global","        local.global = local.modeJs === 'browser'","            ? window","            : global;","        // init utility2_rollup","        local = local.global.utility2_rollup || local;","        // init lib","        local.local = local.npmtest_read_package_json = local;","        // init exports","        if (local.modeJs === 'browser') {","            local.global.utility2_npmtest_read_package_json = local;","        } else {","            module.exports = local;","            module.exports.__dirname = __dirname;","            module.exports.module = module;","        }","    }());","}());",""],"l":{"12":2,"14":2,"19":2,"21":2,"23":2,"24":2,"25":2,"30":1,"37":2,"41":2,"43":2,"45":2,"46":1,"48":1,"49":1,"50":1}},"/home/travis/build/npmtest/node-npmtest-read-package-json/example.js":{"path":"/home/travis/build/npmtest/node-npmtest-read-package-json/example.js","s":{"1":2,"2":2,"3":2,"4":2,"5":2,"6":2,"7":2,"8":1,"9":2,"10":2,"11":2,"12":2,"13":1,"14":2,"15":2,"16":2,"17":2,"18":2,"19":0,"20":2,"21":1,"22":1,"23":1,"24":1,"25":1,"26":0,"27":0,"28":1,"29":1,"30":2,"31":0,"32":0,"33":0,"34":1,"35":2,"36":2,"37":3,"38":3,"39":3,"40":3,"41":0,"42":3,"43":3,"44":3,"45":1,"46":3,"47":1,"48":1,"49":1,"50":1,"51":1,"52":1,"53":1,"54":1,"55":1,"56":1,"57":0,"58":1,"59":6,"60":6,"61":1,"62":2,"63":0,"64":2,"65":1,"66":1,"67":0,"68":0,"69":0,"70":0,"71":0,"72":0,"73":0,"74":0,"75":0,"76":0,"77":0,"78":0,"79":0,"80":0,"81":0,"82":0,"83":0},"b":{"1":[2,1,1,1],"2":[1,1,1,1],"3":[1,1],"4":[2,2],"5":[1,1],"6":[1,1],"7":[2,0],"8":[2,1,1,1,1,1],"9":[0,2,0],"10":[1,1],"11":[2,1,1],"12":[1,0],"13":[0,2],"14":[2,0,0,0,0,0,0],"15":[0,3],"16":[3,0],"17":[1,1],"18":[0,1],"19":[1,2,0,2],"20":[1,0],"21":[1,1],"22":[0,0],"23":[0,0],"24":[0,0],"25":[0,0],"26":[0,0],"27":[0,0],"28":[0,0]},"f":{"1":2,"2":2,"3":2,"4":2,"5":2,"6":2,"7":3,"8":3,"9":3,"10":1,"11":6,"12":0},"fnMap":{"1":{"name":"(anonymous_1)","line":26,"loc":{"start":{"line":26,"column":1},"end":{"line":26,"column":13}}},"2":{"name":"(anonymous_2)","line":33,"loc":{"start":{"line":33,"column":5},"end":{"line":33,"column":17}}},"3":{"name":"(anonymous_3)","line":37,"loc":{"start":{"line":37,"column":24},"end":{"line":37,"column":36}}},"4":{"name":"(anonymous_4)","line":69,"loc":{"start":{"line":69,"column":31},"end":{"line":69,"column":48}},"skip":true},"5":{"name":"(anonymous_5)","line":78,"loc":{"start":{"line":78,"column":26},"end":{"line":78,"column":45}},"skip":true},"6":{"name":"(anonymous_6)","line":123,"loc":{"start":{"line":123,"column":33},"end":{"line":123,"column":48}},"skip":true},"7":{"name":"(anonymous_7)","line":125,"loc":{"start":{"line":125,"column":27},"end":{"line":125,"column":39}},"skip":true},"8":{"name":"(anonymous_8)","line":133,"loc":{"start":{"line":133,"column":59},"end":{"line":133,"column":74}},"skip":true},"9":{"name":"(anonymous_9)","line":143,"loc":{"start":{"line":143,"column":45},"end":{"line":143,"column":62}},"skip":true},"10":{"name":"(anonymous_10)","line":144,"loc":{"start":{"line":144,"column":73},"end":{"line":144,"column":92}},"skip":true},"11":{"name":"(anonymous_11)","line":272,"loc":{"start":{"line":272,"column":51},"end":{"line":272,"column":77}},"skip":true},"12":{"name":"(anonymous_12)","line":315,"loc":{"start":{"line":315,"column":32},"end":{"line":315,"column":61}},"skip":true}},"statementMap":{"1":{"start":{"line":26,"column":0},"end":{"line":326,"column":5}},"2":{"start":{"line":28,"column":4},"end":{"line":28,"column":14}},"3":{"start":{"line":33,"column":4},"end":{"line":60,"column":9}},"4":{"start":{"line":35,"column":8},"end":{"line":35,"column":19}},"5":{"start":{"line":37,"column":8},"end":{"line":49,"column":13}},"6":{"start":{"line":38,"column":12},"end":{"line":48,"column":13}},"7":{"start":{"line":39,"column":16},"end":{"line":42,"column":30}},"8":{"start":{"line":44,"column":16},"end":{"line":47,"column":27}},"9":{"start":{"line":51,"column":8},"end":{"line":53,"column":21}},"10":{"start":{"line":55,"column":8},"end":{"line":57,"column":45}},"11":{"start":{"line":59,"column":8},"end":{"line":59,"column":35}},"12":{"start":{"line":61,"column":4},"end":{"line":325,"column":5}},"13":{"start":{"line":69,"column":8},"end":{"line":121,"column":10},"skip":true},"14":{"start":{"line":70,"column":12},"end":{"line":88,"column":13},"skip":true},"15":{"start":{"line":76,"column":16},"end":{"line":87,"column":19},"skip":true},"16":{"start":{"line":79,"column":20},"end":{"line":86,"column":21},"skip":true},"17":{"start":{"line":82,"column":24},"end":{"line":82,"column":43},"skip":true},"18":{"start":{"line":83,"column":24},"end":{"line":83,"column":30},"skip":true},"19":{"start":{"line":85,"column":24},"end":{"line":85,"column":49},"skip":true},"20":{"start":{"line":89,"column":12},"end":{"line":107,"column":13},"skip":true},"21":{"start":{"line":92,"column":16},"end":{"line":102,"column":17},"skip":true},"22":{"start":{"line":93,"column":20},"end":{"line":93,"column":86},"skip":true},"23":{"start":{"line":94,"column":20},"end":{"line":95,"column":45},"skip":true},"24":{"start":{"line":96,"column":20},"end":{"line":96,"column":42},"skip":true},"25":{"start":{"line":97,"column":20},"end":{"line":97,"column":48},"skip":true},"26":{"start":{"line":100,"column":20},"end":{"line":100,"column":85},"skip":true},"27":{"start":{"line":101,"column":20},"end":{"line":101,"column":96},"skip":true},"28":{"start":{"line":103,"column":16},"end":{"line":103,"column":22},"skip":true},"29":{"start":{"line":106,"column":16},"end":{"line":106,"column":22},"skip":true},"30":{"start":{"line":108,"column":12},"end":{"line":120,"column":13},"skip":true},"31":{"start":{"line":114,"column":16},"end":{"line":119,"column":17},"skip":true},"32":{"start":{"line":116,"column":20},"end":{"line":116,"column":78},"skip":true},"33":{"start":{"line":118,"column":20},"end":{"line":118,"column":47},"skip":true},"34":{"start":{"line":123,"column":8},"end":{"line":141,"column":11},"skip":true},"35":{"start":{"line":124,"column":12},"end":{"line":124,"column":54},"skip":true},"36":{"start":{"line":125,"column":12},"end":{"line":140,"column":14},"skip":true},"37":{"start":{"line":126,"column":16},"end":{"line":126,"column":28},"skip":true},"38":{"start":{"line":127,"column":16},"end":{"line":127,"column":69},"skip":true},"39":{"start":{"line":128,"column":16},"end":{"line":128,"column":75},"skip":true},"40":{"start":{"line":129,"column":16},"end":{"line":131,"column":17},"skip":true},"41":{"start":{"line":130,"column":20},"end":{"line":130,"column":27},"skip":true},"42":{"start":{"line":133,"column":16},"end":{"line":137,"column":36},"skip":true},"43":{"start":{"line":134,"column":20},"end":{"line":136,"column":55},"skip":true},"44":{"start":{"line":139,"column":16},"end":{"line":139,"column":57},"skip":true},"45":{"start":{"line":143,"column":8},"end":{"line":147,"column":11},"skip":true},"46":{"start":{"line":144,"column":12},"end":{"line":146,"column":15},"skip":true},"47":{"start":{"line":145,"column":16},"end":{"line":145,"column":70},"skip":true},"48":{"start":{"line":149,"column":8},"end":{"line":149,"column":31},"skip":true},"49":{"start":{"line":150,"column":8},"end":{"line":150,"column":14},"skip":true},"50":{"start":{"line":158,"column":8},"end":{"line":158,"column":31},"skip":true},"51":{"start":{"line":160,"column":8},"end":{"line":160,"column":33},"skip":true},"52":{"start":{"line":161,"column":8},"end":{"line":161,"column":37},"skip":true},"53":{"start":{"line":162,"column":8},"end":{"line":162,"column":35},"skip":true},"54":{"start":{"line":164,"column":8},"end":{"line":164,"column":50},"skip":true},"55":{"start":{"line":166,"column":8},"end":{"line":256,"column":2},"skip":true},"56":{"start":{"line":258,"column":8},"end":{"line":286,"column":9},"skip":true},"57":{"start":{"line":259,"column":12},"end":{"line":269,"column":14},"skip":true},"58":{"start":{"line":271,"column":12},"end":{"line":285,"column":19},"skip":true},"59":{"start":{"line":274,"column":20},"end":{"line":274,"column":35},"skip":true},"60":{"start":{"line":275,"column":20},"end":{"line":284,"column":21},"skip":true},"61":{"start":{"line":277,"column":24},"end":{"line":277,"column":64},"skip":true},"62":{"start":{"line":279,"column":24},"end":{"line":279,"column":40},"skip":true},"63":{"start":{"line":281,"column":24},"end":{"line":281,"column":40},"skip":true},"64":{"start":{"line":283,"column":24},"end":{"line":283,"column":39},"skip":true},"65":{"start":{"line":288,"column":8},"end":{"line":290,"column":9},"skip":true},"66":{"start":{"line":289,"column":12},"end":{"line":289,"column":18},"skip":true},"67":{"start":{"line":291,"column":8},"end":{"line":293,"column":54},"skip":true},"68":{"start":{"line":296,"column":8},"end":{"line":301,"column":37},"skip":true},"69":{"start":{"line":303,"column":8},"end":{"line":303,"column":82},"skip":true},"70":{"start":{"line":306,"column":8},"end":{"line":308,"column":9},"skip":true},"71":{"start":{"line":307,"column":12},"end":{"line":307,"column":82},"skip":true},"72":{"start":{"line":310,"column":8},"end":{"line":312,"column":9},"skip":true},"73":{"start":{"line":311,"column":12},"end":{"line":311,"column":18},"skip":true},"74":{"start":{"line":313,"column":8},"end":{"line":313,"column":54},"skip":true},"75":{"start":{"line":314,"column":8},"end":{"line":314,"column":69},"skip":true},"76":{"start":{"line":315,"column":8},"end":{"line":323,"column":36},"skip":true},"77":{"start":{"line":316,"column":12},"end":{"line":316,"column":61},"skip":true},"78":{"start":{"line":317,"column":12},"end":{"line":320,"column":13},"skip":true},"79":{"start":{"line":318,"column":16},"end":{"line":318,"column":75},"skip":true},"80":{"start":{"line":319,"column":16},"end":{"line":319,"column":23},"skip":true},"81":{"start":{"line":321,"column":12},"end":{"line":321,"column":38},"skip":true},"82":{"start":{"line":322,"column":12},"end":{"line":322,"column":27},"skip":true},"83":{"start":{"line":324,"column":8},"end":{"line":324,"column":14},"skip":true}},"branchMap":{"1":{"line":39,"type":"binary-expr","locations":[{"start":{"line":39,"column":23},"end":{"line":39,"column":62}},{"start":{"line":40,"column":20},"end":{"line":40,"column":70}},{"start":{"line":41,"column":20},"end":{"line":41,"column":71}},{"start":{"line":42,"column":20},"end":{"line":42,"column":29}}]},"2":{"line":44,"type":"binary-expr","locations":[{"start":{"line":44,"column":23},"end":{"line":44,"column":37}},{"start":{"line":45,"column":20},"end":{"line":45,"column":61}},{"start":{"line":46,"column":20},"end":{"line":46,"column":70}},{"start":{"line":47,"column":20},"end":{"line":47,"column":26}}]},"3":{"line":51,"type":"cond-expr","locations":[{"start":{"line":52,"column":14},"end":{"line":52,"column":20}},{"start":{"line":53,"column":14},"end":{"line":53,"column":20}}]},"4":{"line":55,"type":"binary-expr","locations":[{"start":{"line":55,"column":16},"end":{"line":55,"column":44}},{"start":{"line":55,"column":49},"end":{"line":57,"column":43}}]},"5":{"line":55,"type":"cond-expr","locations":[{"start":{"line":56,"column":14},"end":{"line":56,"column":61}},{"start":{"line":57,"column":14},"end":{"line":57,"column":43}}]},"6":{"line":61,"type":"switch","locations":[{"start":{"line":68,"column":4},"end":{"line":150,"column":14},"skip":true},{"start":{"line":156,"column":4},"end":{"line":324,"column":14},"skip":true}]},"7":{"line":70,"type":"if","locations":[{"start":{"line":70,"column":12},"end":{"line":70,"column":12},"skip":true},{"start":{"line":70,"column":12},"end":{"line":70,"column":12},"skip":true}]},"8":{"line":70,"type":"binary-expr","locations":[{"start":{"line":70,"column":16},"end":{"line":70,"column":22},"skip":true},{"start":{"line":70,"column":27},"end":{"line":70,"column":32},"skip":true},{"start":{"line":71,"column":20},"end":{"line":71,"column":39},"skip":true},{"start":{"line":72,"column":20},"end":{"line":72,"column":49},"skip":true},{"start":{"line":73,"column":20},"end":{"line":73,"column":58},"skip":true},{"start":{"line":74,"column":20},"end":{"line":74,"column":69},"skip":true}]},"9":{"line":79,"type":"switch","locations":[{"start":{"line":80,"column":20},"end":{"line":80,"column":33},"skip":true},{"start":{"line":81,"column":20},"end":{"line":83,"column":30},"skip":true},{"start":{"line":84,"column":20},"end":{"line":85,"column":49},"skip":true}]},"10":{"line":89,"type":"switch","locations":[{"start":{"line":90,"column":12},"end":{"line":103,"column":22},"skip":true},{"start":{"line":105,"column":12},"end":{"line":106,"column":22},"skip":true}]},"11":{"line":89,"type":"binary-expr","locations":[{"start":{"line":89,"column":20},"end":{"line":89,"column":25},"skip":true},{"start":{"line":89,"column":29},"end":{"line":89,"column":48},"skip":true},{"start":{"line":89,"column":52},"end":{"line":89,"column":74},"skip":true}]},"12":{"line":92,"type":"if","locations":[{"start":{"line":92,"column":16},"end":{"line":92,"column":16},"skip":true},{"start":{"line":92,"column":16},"end":{"line":92,"column":16},"skip":true}]},"13":{"line":108,"type":"if","locations":[{"start":{"line":108,"column":12},"end":{"line":108,"column":12},"skip":true},{"start":{"line":108,"column":12},"end":{"line":108,"column":12},"skip":true}]},"14":{"line":108,"type":"binary-expr","locations":[{"start":{"line":108,"column":16},"end":{"line":108,"column":61},"skip":true},{"start":{"line":108,"column":66},"end":{"line":108,"column":72},"skip":true},{"start":{"line":108,"column":77},"end":{"line":108,"column":82},"skip":true},{"start":{"line":109,"column":20},"end":{"line":109,"column":39},"skip":true},{"start":{"line":110,"column":20},"end":{"line":110,"column":49},"skip":true},{"start":{"line":111,"column":20},"end":{"line":111,"column":58},"skip":true},{"start":{"line":112,"column":20},"end":{"line":112,"column":68},"skip":true}]},"15":{"line":129,"type":"if","locations":[{"start":{"line":129,"column":16},"end":{"line":129,"column":16},"skip":true},{"start":{"line":129,"column":16},"end":{"line":129,"column":16},"skip":true}]},"16":{"line":134,"type":"cond-expr","locations":[{"start":{"line":135,"column":26},"end":{"line":135,"column":29},"skip":true},{"start":{"line":136,"column":26},"end":{"line":136,"column":54},"skip":true}]},"17":{"line":164,"type":"binary-expr","locations":[{"start":{"line":164,"column":27},"end":{"line":164,"column":43},"skip":true},{"start":{"line":164,"column":47},"end":{"line":164,"column":49},"skip":true}]},"18":{"line":258,"type":"if","locations":[{"start":{"line":258,"column":8},"end":{"line":258,"column":8},"skip":true},{"start":{"line":258,"column":8},"end":{"line":258,"column":8},"skip":true}]},"19":{"line":275,"type":"switch","locations":[{"start":{"line":276,"column":20},"end":{"line":277,"column":64},"skip":true},{"start":{"line":278,"column":20},"end":{"line":279,"column":40},"skip":true},{"start":{"line":280,"column":20},"end":{"line":281,"column":40},"skip":true},{"start":{"line":282,"column":20},"end":{"line":283,"column":39},"skip":true}]},"20":{"line":288,"type":"if","locations":[{"start":{"line":288,"column":8},"end":{"line":288,"column":8},"skip":true},{"start":{"line":288,"column":8},"end":{"line":288,"column":8},"skip":true}]},"21":{"line":288,"type":"binary-expr","locations":[{"start":{"line":288,"column":12},"end":{"line":288,"column":40},"skip":true},{"start":{"line":288,"column":44},"end":{"line":288,"column":67},"skip":true}]},"22":{"line":292,"type":"binary-expr","locations":[{"start":{"line":292,"column":12},"end":{"line":292,"column":50},"skip":true},{"start":{"line":293,"column":12},"end":{"line":293,"column":53},"skip":true}]},"23":{"line":297,"type":"binary-expr","locations":[{"start":{"line":297,"column":12},"end":{"line":297,"column":75},"skip":true},{"start":{"line":298,"column":12},"end":{"line":301,"column":36},"skip":true}]},"24":{"line":303,"type":"binary-expr","locations":[{"start":{"line":303,"column":43},"end":{"line":303,"column":75},"skip":true},{"start":{"line":303,"column":79},"end":{"line":303,"column":81},"skip":true}]},"25":{"line":306,"type":"if","locations":[{"start":{"line":306,"column":8},"end":{"line":306,"column":8},"skip":true},{"start":{"line":306,"column":8},"end":{"line":306,"column":8},"skip":true}]},"26":{"line":310,"type":"if","locations":[{"start":{"line":310,"column":8},"end":{"line":310,"column":8},"skip":true},{"start":{"line":310,"column":8},"end":{"line":310,"column":8},"skip":true}]},"27":{"line":313,"type":"binary-expr","locations":[{"start":{"line":313,"column":27},"end":{"line":313,"column":43},"skip":true},{"start":{"line":313,"column":47},"end":{"line":313,"column":53},"skip":true}]},"28":{"line":317,"type":"if","locations":[{"start":{"line":317,"column":12},"end":{"line":317,"column":12},"skip":true},{"start":{"line":317,"column":12},"end":{"line":317,"column":12},"skip":true}]}},"code":["/*","example.js","","quickstart example","","instruction","    1. save this script as example.js","    2. run the shell command:","        $ npm install npmtest-read-package-json && PORT=8081 node example.js","    3. play with the browser-demo on http://127.0.0.1:8081","*/","","","","/* istanbul instrument in package npmtest_read_package_json */","/*jslint","    bitwise: true,","    browser: true,","    maxerr: 8,","    maxlen: 96,","    node: true,","    nomen: true,","    regexp: true,","    stupid: true","*/","(function () {","    'use strict';","    var local;","","","","    // run shared js-env code - pre-init","    (function () {","        // init local","        local = {};","        // init modeJs","        local.modeJs = (function () {","            try {","                return typeof navigator.userAgent === 'string' &&","                    typeof document.querySelector('body') === 'object' &&","                    typeof XMLHttpRequest.prototype.open === 'function' &&","                    'browser';","            } catch (errorCaughtBrowser) {","                return module.exports &&","                    typeof process.versions.node === 'string' &&","                    typeof require('http').createServer === 'function' &&","                    'node';","            }","        }());","        // init global","        local.global = local.modeJs === 'browser'","            ? window","            : global;","        // init utility2_rollup","        local = local.global.utility2_rollup || (local.modeJs === 'browser'","            ? local.global.utility2_npmtest_read_package_json","            : global.utility2_moduleExports);","        // export local","        local.global.local = local;","    }());","    switch (local.modeJs) {","","","","    // post-init","    // run browser js-env code - post-init","    /* istanbul ignore next */","    case 'browser':","        local.testRunBrowser = function (event) {","            if (!event || (event &&","                    event.currentTarget &&","                    event.currentTarget.className &&","                    event.currentTarget.className.includes &&","                    event.currentTarget.className.includes('onreset'))) {","                // reset output","                Array.from(","                    document.querySelectorAll('body > .resettable')","                ).forEach(function (element) {","                    switch (element.tagName) {","                    case 'INPUT':","                    case 'TEXTAREA':","                        element.value = '';","                        break;","                    default:","                        element.textContent = '';","                    }","                });","            }","            switch (event && event.currentTarget && event.currentTarget.id) {","            case 'testRunButton1':","                // show tests","                if (document.querySelector('#testReportDiv1').style.display === 'none') {","                    document.querySelector('#testReportDiv1').style.display = 'block';","                    document.querySelector('#testRunButton1').textContent =","                        'hide internal test';","                    local.modeTest = true;","                    local.testRunDefault(local);","                // hide tests","                } else {","                    document.querySelector('#testReportDiv1').style.display = 'none';","                    document.querySelector('#testRunButton1').textContent = 'run internal test';","                }","                break;","            // custom-case","            default:","                break;","            }","            if (document.querySelector('#inputTextareaEval1') && (!event || (event &&","                    event.currentTarget &&","                    event.currentTarget.className &&","                    event.currentTarget.className.includes &&","                    event.currentTarget.className.includes('oneval')))) {","                // try to eval input-code","                try {","                    /*jslint evil: true*/","                    eval(document.querySelector('#inputTextareaEval1').value);","                } catch (errorCaught) {","                    console.error(errorCaught);","                }","            }","        };","        // log stderr and stdout to #outputTextareaStdout1","        ['error', 'log'].forEach(function (key) {","            console[key + '_original'] = console[key];","            console[key] = function () {","                var element;","                console[key + '_original'].apply(console, arguments);","                element = document.querySelector('#outputTextareaStdout1');","                if (!element) {","                    return;","                }","                // append text to #outputTextareaStdout1","                element.value += Array.from(arguments).map(function (arg) {","                    return typeof arg === 'string'","                        ? arg","                        : JSON.stringify(arg, null, 4);","                }).join(' ') + '\\n';","                // scroll textarea to bottom","                element.scrollTop = element.scrollHeight;","            };","        });","        // init event-handling","        ['change', 'click', 'keyup'].forEach(function (event) {","            Array.from(document.querySelectorAll('.on' + event)).forEach(function (element) {","                element.addEventListener(event, local.testRunBrowser);","            });","        });","        // run tests","        local.testRunBrowser();","        break;","","","","    // run node js-env code - post-init","    /* istanbul ignore next */","    case 'node':","        // export local","        module.exports = local;","        // require modules","        local.fs = require('fs');","        local.http = require('http');","        local.url = require('url');","        // init assets","        local.assetsDict = local.assetsDict || {};","        /* jslint-ignore-begin */","        local.assetsDict['/assets.index.template.html'] = '\\","<!doctype html>\\n\\","<html lang=\"en\">\\n\\","<head>\\n\\","<meta charset=\"UTF-8\">\\n\\","<meta name=\"viewport\" content=\"width=device-width, initial-scale=1\">\\n\\","<title>{{env.npm_package_name}} (v{{env.npm_package_version}})</title>\\n\\","<style>\\n\\","/*csslint\\n\\","    box-sizing: false,\\n\\","    universal-selector: false\\n\\","*/\\n\\","* {\\n\\","    box-sizing: border-box;\\n\\","}\\n\\","body {\\n\\","    background: #dde;\\n\\","    font-family: Arial, Helvetica, sans-serif;\\n\\","    margin: 2rem;\\n\\","}\\n\\","body > * {\\n\\","    margin-bottom: 1rem;\\n\\","}\\n\\",".utility2FooterDiv {\\n\\","    margin-top: 20px;\\n\\","    text-align: center;\\n\\","}\\n\\","</style>\\n\\","<style>\\n\\","/*csslint\\n\\","*/\\n\\","textarea {\\n\\","    font-family: monospace;\\n\\","    height: 10rem;\\n\\","    width: 100%;\\n\\","}\\n\\","textarea[readonly] {\\n\\","    background: #ddd;\\n\\","}\\n\\","</style>\\n\\","</head>\\n\\","<body>\\n\\","<!-- utility2-comment\\n\\","<div id=\"ajaxProgressDiv1\" style=\"background: #d00; height: 2px; left: 0; margin: 0; padding: 0; position: fixed; top: 0; transition: background 0.5s, width 1.5s; width: 25%;\"></div>\\n\\","utility2-comment -->\\n\\","<h1>\\n\\","<!-- utility2-comment\\n\\","    <a\\n\\","        {{#if env.npm_package_homepage}}\\n\\","        href=\"{{env.npm_package_homepage}}\"\\n\\","        {{/if env.npm_package_homepage}}\\n\\","        target=\"_blank\"\\n\\","    >\\n\\","utility2-comment -->\\n\\","        {{env.npm_package_name}} (v{{env.npm_package_version}})\\n\\","<!-- utility2-comment\\n\\","    </a>\\n\\","utility2-comment -->\\n\\","</h1>\\n\\","<h3>{{env.npm_package_description}}</h3>\\n\\","<!-- utility2-comment\\n\\","<h4><a download href=\"assets.app.js\">download standalone app</a></h4>\\n\\","<button class=\"onclick onreset\" id=\"testRunButton1\">run internal test</button><br>\\n\\","<div id=\"testReportDiv1\" style=\"display: none;\"></div>\\n\\","utility2-comment -->\\n\\","\\n\\","\\n\\","\\n\\","<label>stderr and stdout</label>\\n\\","<textarea class=\"resettable\" id=\"outputTextareaStdout1\" readonly></textarea>\\n\\","<!-- utility2-comment\\n\\","{{#if isRollup}}\\n\\","<script src=\"assets.app.js\"></script>\\n\\","{{#unless isRollup}}\\n\\","utility2-comment -->\\n\\","<script src=\"assets.utility2.rollup.js\"></script>\\n\\","<script src=\"jsonp.utility2._stateInit?callback=window.utility2._stateInit\"></script>\\n\\","<script src=\"assets.npmtest_read_package_json.rollup.js\"></script>\\n\\","<script src=\"assets.example.js\"></script>\\n\\","<script src=\"assets.test.js\"></script>\\n\\","<!-- utility2-comment\\n\\","{{/if isRollup}}\\n\\","utility2-comment -->\\n\\","<div class=\"utility2FooterDiv\">\\n\\","    [ this app was created with\\n\\","    <a href=\"https://github.com/kaizhu256/node-utility2\" target=\"_blank\">utility2</a>\\n\\","    ]\\n\\","</div>\\n\\","</body>\\n\\","</html>\\n\\","';","        /* jslint-ignore-end */","        if (local.templateRender) {","            local.assetsDict['/'] = local.templateRender(","                local.assetsDict['/assets.index.template.html'],","                {","                    env: local.objectSetDefault(local.env, {","                        npm_package_description: 'the greatest app in the world!',","                        npm_package_name: 'my-app',","                        npm_package_nameAlias: 'my_app',","                        npm_package_version: '0.0.1'","                    })","                }","            );","        } else {","            local.assetsDict['/'] = local.assetsDict['/assets.index.template.html']","                .replace((/\\{\\{env\\.(\\w+?)\\}\\}/g), function (match0, match1) {","                    // jslint-hack","                    String(match0);","                    switch (match1) {","                    case 'npm_package_description':","                        return 'the greatest app in the world!';","                    case 'npm_package_name':","                        return 'my-app';","                    case 'npm_package_nameAlias':","                        return 'my_app';","                    case 'npm_package_version':","                        return '0.0.1';","                    }","                });","        }","        // run the cli","        if (local.global.utility2_rollup || module !== require.main) {","            break;","        }","        local.assetsDict['/assets.example.js'] =","            local.assetsDict['/assets.example.js'] ||","            local.fs.readFileSync(__filename, 'utf8');","        // bug-workaround - long $npm_package_buildCustomOrg","        /* jslint-ignore-begin */","        local.assetsDict['/assets.npmtest_read_package_json.rollup.js'] =","            local.assetsDict['/assets.npmtest_read_package_json.rollup.js'] ||","            local.fs.readFileSync(","                local.npmtest_read_package_json.__dirname + '/lib.npmtest_read_package_json.js',","                'utf8'","            ).replace((/^#!/), '//');","        /* jslint-ignore-end */","        local.assetsDict['/favicon.ico'] = local.assetsDict['/favicon.ico'] || '';","        // if $npm_config_timeout_exit exists,","        // then exit this process after $npm_config_timeout_exit ms","        if (Number(process.env.npm_config_timeout_exit)) {","            setTimeout(process.exit, Number(process.env.npm_config_timeout_exit));","        }","        // start server","        if (local.global.utility2_serverHttp1) {","            break;","        }","        process.env.PORT = process.env.PORT || '8081';","        console.error('server starting on port ' + process.env.PORT);","        local.http.createServer(function (request, response) {","            request.urlParsed = local.url.parse(request.url);","            if (local.assetsDict[request.urlParsed.pathname] !== undefined) {","                response.end(local.assetsDict[request.urlParsed.pathname]);","                return;","            }","            response.statusCode = 404;","            response.end();","        }).listen(process.env.PORT);","        break;","    }","}());",""],"l":{"26":2,"28":2,"33":2,"35":2,"37":2,"38":2,"39":2,"44":1,"51":2,"55":2,"59":2,"61":2,"69":1,"70":2,"76":2,"79":2,"82":2,"83":2,"85":1,"89":2,"92":1,"93":1,"94":1,"96":1,"97":1,"100":1,"101":1,"103":1,"106":1,"108":2,"114":1,"116":1,"118":1,"123":1,"124":2,"125":2,"126":3,"127":3,"128":3,"129":3,"130":1,"133":3,"134":3,"139":3,"143":1,"144":3,"145":1,"149":1,"150":1,"158":1,"160":1,"161":1,"162":1,"164":1,"166":1,"258":1,"259":1,"271":1,"274":6,"275":6,"277":1,"279":2,"281":1,"283":2,"288":1,"289":1,"291":1,"296":1,"303":1,"306":1,"307":1,"310":1,"311":1,"313":1,"314":1,"315":1,"316":1,"317":1,"318":1,"319":1,"321":1,"322":1,"324":1}},"/home/travis/build/npmtest/node-npmtest-read-package-json/node_modules/read-package-json/read-json.js":{"path":"/home/travis/build/npmtest/node-npmtest-read-package-json/node_modules/read-package-json/read-json.js","s":{"1":1,"2":1,"3":1,"4":0,"5":1,"6":1,"7":1,"8":1,"9":1,"10":1,"11":1,"12":1,"13":0,"14":0,"15":0,"16":0,"17":0,"18":0,"19":0,"20":0,"21":0,"22":0,"23":1,"24":0,"25":0,"26":1,"27":0,"28":0,"29":0,"30":1,"31":0,"32":0,"33":0,"34":0,"35":0,"36":0,"37":0,"38":0,"39":0,"40":0,"41":0,"42":0,"43":0,"44":0,"45":0,"46":1,"47":0,"48":0,"49":0,"50":0,"51":0,"52":0,"53":0,"54":0,"55":0,"56":0,"57":1,"58":1,"59":0,"60":0,"61":0,"62":0,"63":0,"64":0,"65":0,"66":0,"67":0,"68":0,"69":0,"70":0,"71":0,"72":0,"73":1,"74":0,"75":0,"76":0,"77":0,"78":0,"79":0,"80":0,"81":1,"82":0,"83":0,"84":0,"85":0,"86":0,"87":1,"88":0,"89":0,"90":0,"91":0,"92":0,"93":0,"94":1,"95":0,"96":0,"97":0,"98":0,"99":0,"100":0,"101":0,"102":0,"103":1,"104":0,"105":0,"106":0,"107":0,"108":0,"109":0,"110":0,"111":1,"112":0,"113":0,"114":0,"115":0,"116":0,"117":0,"118":0,"119":0,"120":1,"121":0,"122":0,"123":0,"124":0,"125":0,"126":0,"127":1,"128":0,"129":0,"130":0,"131":0,"132":0,"133":0,"134":0,"135":1,"136":0,"137":0,"138":0,"139":0,"140":0,"141":1,"142":0,"143":0,"144":0,"145":0,"146":0,"147":0,"148":0,"149":0,"150":0,"151":0,"152":0,"153":0,"154":0,"155":0,"156":1,"157":0,"158":0,"159":0,"160":0,"161":0,"162":0,"163":0,"164":0,"165":1,"166":0,"167":0,"168":0,"169":0,"170":0,"171":0,"172":0,"173":1,"174":0,"175":0,"176":0,"177":0,"178":0,"179":0,"180":0,"181":0,"182":1,"183":0,"184":0,"185":0,"186":0,"187":1,"188":0,"189":0,"190":0,"191":0,"192":0,"193":0,"194":0,"195":0,"196":0,"197":0,"198":1,"199":0,"200":0,"201":0,"202":0,"203":0,"204":0,"205":0,"206":1,"207":0,"208":0,"209":0,"210":0,"211":0,"212":0,"213":0,"214":0,"215":1,"216":0,"217":0,"218":0,"219":0,"220":0,"221":0,"222":0,"223":0,"224":0,"225":0,"226":0,"227":1,"228":0,"229":0,"230":0,"231":0,"232":0,"233":0,"234":1,"235":0,"236":0,"237":0,"238":0,"239":0,"240":0,"241":0,"242":0,"243":0,"244":0,"245":1,"246":0,"247":1,"248":0,"249":0,"250":0,"251":0,"252":0,"253":0,"254":0,"255":0,"256":0,"257":0,"258":1,"259":0,"260":0,"261":0,"262":1,"263":0,"264":1,"265":0,"266":0,"267":0,"268":0,"269":0,"270":0,"271":0,"272":0,"273":0,"274":0,"275":0,"276":0,"277":1,"278":0,"279":0,"280":0,"281":0},"b":{"1":[0,0],"2":[0,0],"3":[0,0],"4":[0,0],"5":[0,0],"6":[0,0],"7":[0,0],"8":[0,0,0],"9":[0,0],"10":[0,0],"11":[0,0],"12":[0,0],"13":[0,0],"14":[0,0],"15":[0,0],"16":[0,0],"17":[0,0],"18":[0,0],"19":[0,0],"20":[0,0],"21":[0,0],"22":[0,0],"23":[0,0],"24":[0,0],"25":[0,0],"26":[0,0],"27":[0,0],"28":[0,0],"29":[0,0],"30":[0,0],"31":[0,0],"32":[0,0],"33":[0,0],"34":[0,0],"35":[0,0],"36":[0,0],"37":[0,0],"38":[0,0],"39":[0,0],"40":[0,0],"41":[0,0],"42":[0,0],"43":[0,0],"44":[0,0],"45":[0,0],"46":[0,0],"47":[0,0],"48":[0,0],"49":[0,0],"50":[0,0],"51":[0,0],"52":[0,0,0],"53":[0,0],"54":[0,0],"55":[0,0],"56":[0,0],"57":[0,0],"58":[0,0],"59":[0,0],"60":[0,0],"61":[0,0],"62":[0,0],"63":[0,0],"64":[0,0],"65":[0,0],"66":[0,0],"67":[0,0],"68":[0,0],"69":[0,0]},"f":{"1":0,"2":0,"3":0,"4":0,"5":0,"6":0,"7":0,"8":0,"9":0,"10":0,"11":0,"12":0,"13":0,"14":0,"15":0,"16":0,"17":0,"18":0,"19":0,"20":0,"21":0,"22":0,"23":0,"24":0,"25":0,"26":0,"27":0,"28":0,"29":0,"30":0,"31":0,"32":0,"33":0,"34":0,"35":0,"36":0,"37":0,"38":0,"39":0,"40":0,"41":0,"42":0,"43":0,"44":0,"45":0,"46":0,"47":0,"48":0,"49":0,"50":0,"51":0,"52":0,"53":0,"54":0},"fnMap":{"1":{"name":"readJson","line":30,"loc":{"start":{"line":30,"column":0},"end":{"line":30,"column":45}}},"2":{"name":"(anonymous_2)","line":40,"loc":{"start":{"line":40,"column":18},"end":{"line":40,"column":30}}},"3":{"name":"readJson_","line":46,"loc":{"start":{"line":46,"column":0},"end":{"line":46,"column":43}}},"4":{"name":"(anonymous_4)","line":47,"loc":{"start":{"line":47,"column":28},"end":{"line":47,"column":45}}},"5":{"name":"stripBOM","line":52,"loc":{"start":{"line":52,"column":0},"end":{"line":52,"column":28}}},"6":{"name":"parseJson","line":60,"loc":{"start":{"line":60,"column":0},"end":{"line":60,"column":50}}},"7":{"name":"(anonymous_7)","line":62,"loc":{"start":{"line":62,"column":39},"end":{"line":62,"column":60}}},"8":{"name":"indexjs","line":85,"loc":{"start":{"line":85,"column":0},"end":{"line":85,"column":45}}},"9":{"name":"(anonymous_9)","line":89,"loc":{"start":{"line":89,"column":29},"end":{"line":89,"column":47}}},"10":{"name":"extras","line":100,"loc":{"start":{"line":100,"column":0},"end":{"line":100,"column":49}}},"11":{"name":"(anonymous_11)","line":110,"loc":{"start":{"line":110,"column":18},"end":{"line":110,"column":30}}},"12":{"name":"(anonymous_12)","line":116,"loc":{"start":{"line":116,"column":14},"end":{"line":116,"column":28}}},"13":{"name":"then","line":120,"loc":{"start":{"line":120,"column":2},"end":{"line":120,"column":21}}},"14":{"name":"scriptpath","line":128,"loc":{"start":{"line":128,"column":0},"end":{"line":128,"column":37}}},"15":{"name":"scriptpath_","line":135,"loc":{"start":{"line":135,"column":0},"end":{"line":135,"column":27}}},"16":{"name":"gypfile","line":146,"loc":{"start":{"line":146,"column":0},"end":{"line":146,"column":34}}},"17":{"name":"(anonymous_17)","line":151,"loc":{"start":{"line":151,"column":30},"end":{"line":151,"column":51}}},"18":{"name":"gypfile_","line":157,"loc":{"start":{"line":157,"column":0},"end":{"line":157,"column":42}}},"19":{"name":"serverjs","line":166,"loc":{"start":{"line":166,"column":0},"end":{"line":166,"column":35}}},"20":{"name":"(anonymous_20)","line":170,"loc":{"start":{"line":170,"column":34},"end":{"line":170,"column":55}}},"21":{"name":"serverjs_","line":176,"loc":{"start":{"line":176,"column":0},"end":{"line":176,"column":43}}},"22":{"name":"authors","line":184,"loc":{"start":{"line":184,"column":0},"end":{"line":184,"column":34}}},"23":{"name":"(anonymous_23)","line":187,"loc":{"start":{"line":187,"column":26},"end":{"line":187,"column":44}}},"24":{"name":"authors_","line":194,"loc":{"start":{"line":194,"column":0},"end":{"line":194,"column":39}}},"25":{"name":"(anonymous_25)","line":195,"loc":{"start":{"line":195,"column":30},"end":{"line":195,"column":46}}},"26":{"name":"(anonymous_26)","line":197,"loc":{"start":{"line":197,"column":12},"end":{"line":197,"column":28}}},"27":{"name":"readme","line":204,"loc":{"start":{"line":204,"column":0},"end":{"line":204,"column":33}}},"28":{"name":"(anonymous_28)","line":208,"loc":{"start":{"line":208,"column":38},"end":{"line":208,"column":59}}},"29":{"name":"(anonymous_29)","line":211,"loc":{"start":{"line":211,"column":25},"end":{"line":211,"column":41}}},"30":{"name":"preferMarkdownReadme","line":221,"loc":{"start":{"line":221,"column":0},"end":{"line":221,"column":38}}},"31":{"name":"readme_","line":236,"loc":{"start":{"line":236,"column":0},"end":{"line":236,"column":38}}},"32":{"name":"(anonymous_32)","line":238,"loc":{"start":{"line":238,"column":26},"end":{"line":238,"column":44}}},"33":{"name":"mans","line":247,"loc":{"start":{"line":247,"column":0},"end":{"line":247,"column":31}}},"34":{"name":"(anonymous_34)","line":251,"loc":{"start":{"line":251,"column":33},"end":{"line":251,"column":53}}},"35":{"name":"mans_","line":257,"loc":{"start":{"line":257,"column":0},"end":{"line":257,"column":38}}},"36":{"name":"(anonymous_36)","line":259,"loc":{"start":{"line":259,"column":22},"end":{"line":259,"column":36}}},"37":{"name":"bins","line":265,"loc":{"start":{"line":265,"column":0},"end":{"line":265,"column":31}}},"38":{"name":"(anonymous_38)","line":272,"loc":{"start":{"line":272,"column":25},"end":{"line":272,"column":45}}},"39":{"name":"bins_","line":278,"loc":{"start":{"line":278,"column":0},"end":{"line":278,"column":38}}},"40":{"name":"(anonymous_40)","line":280,"loc":{"start":{"line":280,"column":25},"end":{"line":280,"column":44}}},"41":{"name":"githead","line":290,"loc":{"start":{"line":290,"column":0},"end":{"line":290,"column":34}}},"42":{"name":"(anonymous_42)","line":294,"loc":{"start":{"line":294,"column":28},"end":{"line":294,"column":48}}},"43":{"name":"githead_","line":300,"loc":{"start":{"line":300,"column":0},"end":{"line":300,"column":46}}},"44":{"name":"(anonymous_44)","line":307,"loc":{"start":{"line":307,"column":32},"end":{"line":307,"column":52}}},"45":{"name":"checkBinReferences_","line":319,"loc":{"start":{"line":319,"column":0},"end":{"line":319,"column":52}}},"46":{"name":"handleExists","line":326,"loc":{"start":{"line":326,"column":2},"end":{"line":326,"column":42}}},"47":{"name":"(anonymous_47)","line":332,"loc":{"start":{"line":332,"column":15},"end":{"line":332,"column":30}}},"48":{"name":"final","line":340,"loc":{"start":{"line":340,"column":0},"end":{"line":340,"column":45}}},"49":{"name":"warn","line":343,"loc":{"start":{"line":343,"column":2},"end":{"line":343,"column":22}}},"50":{"name":"(anonymous_50)","line":354,"loc":{"start":{"line":354,"column":40},"end":{"line":354,"column":52}}},"51":{"name":"makePackageId","line":360,"loc":{"start":{"line":360,"column":0},"end":{"line":360,"column":30}}},"52":{"name":"cleanString","line":366,"loc":{"start":{"line":366,"column":0},"end":{"line":366,"column":27}}},"53":{"name":"parseIndex","line":371,"loc":{"start":{"line":371,"column":0},"end":{"line":371,"column":27}}},"54":{"name":"parseError","line":389,"loc":{"start":{"line":389,"column":0},"end":{"line":389,"column":31}}}},"statementMap":{"1":{"start":{"line":1,"column":0},"end":{"line":1,"column":6}},"2":{"start":{"line":2,"column":0},"end":{"line":6,"column":1}},"3":{"start":{"line":3,"column":2},"end":{"line":3,"column":29}},"4":{"start":{"line":5,"column":2},"end":{"line":5,"column":20}},"5":{"start":{"line":8,"column":0},"end":{"line":8,"column":26}},"6":{"start":{"line":10,"column":0},"end":{"line":10,"column":26}},"7":{"start":{"line":11,"column":0},"end":{"line":11,"column":53}},"8":{"start":{"line":12,"column":0},"end":{"line":12,"column":49}},"9":{"start":{"line":14,"column":0},"end":{"line":14,"column":25}},"10":{"start":{"line":17,"column":0},"end":{"line":26,"column":1}},"11":{"start":{"line":28,"column":0},"end":{"line":28,"column":19}},"12":{"start":{"line":30,"column":0},"end":{"line":44,"column":1}},"13":{"start":{"line":31,"column":2},"end":{"line":31,"column":21}},"14":{"start":{"line":32,"column":2},"end":{"line":38,"column":3}},"15":{"start":{"line":33,"column":4},"end":{"line":37,"column":5}},"16":{"start":{"line":34,"column":6},"end":{"line":34,"column":27}},"17":{"start":{"line":35,"column":11},"end":{"line":37,"column":5}},"18":{"start":{"line":36,"column":6},"end":{"line":36,"column":24}},"19":{"start":{"line":40,"column":2},"end":{"line":40,"column":32}},"20":{"start":{"line":40,"column":12},"end":{"line":40,"column":32}},"21":{"start":{"line":41,"column":2},"end":{"line":41,"column":40}},"22":{"start":{"line":43,"column":2},"end":{"line":43,"column":34}},"23":{"start":{"line":46,"column":0},"end":{"line":50,"column":1}},"24":{"start":{"line":47,"column":2},"end":{"line":49,"column":4}},"25":{"start":{"line":48,"column":4},"end":{"line":48,"column":43}},"26":{"start":{"line":52,"column":0},"end":{"line":58,"column":1}},"27":{"start":{"line":56,"column":2},"end":{"line":56,"column":66}},"28":{"start":{"line":56,"column":40},"end":{"line":56,"column":66}},"29":{"start":{"line":57,"column":2},"end":{"line":57,"column":16}},"30":{"start":{"line":60,"column":0},"end":{"line":83,"column":1}},"31":{"start":{"line":61,"column":2},"end":{"line":72,"column":3}},"32":{"start":{"line":62,"column":4},"end":{"line":71,"column":6}},"33":{"start":{"line":63,"column":6},"end":{"line":70,"column":7}},"34":{"start":{"line":65,"column":8},"end":{"line":65,"column":30}},"35":{"start":{"line":66,"column":8},"end":{"line":66,"column":27}},"36":{"start":{"line":67,"column":8},"end":{"line":67,"column":21}},"37":{"start":{"line":69,"column":8},"end":{"line":69,"column":49}},"38":{"start":{"line":73,"column":2},"end":{"line":73,"column":23}},"39":{"start":{"line":73,"column":10},"end":{"line":73,"column":23}},"40":{"start":{"line":75,"column":2},"end":{"line":80,"column":3}},"41":{"start":{"line":76,"column":4},"end":{"line":76,"column":35}},"42":{"start":{"line":78,"column":4},"end":{"line":78,"column":21}},"43":{"start":{"line":79,"column":4},"end":{"line":79,"column":43}},"44":{"start":{"line":79,"column":12},"end":{"line":79,"column":43}},"45":{"start":{"line":82,"column":2},"end":{"line":82,"column":34}},"46":{"start":{"line":85,"column":0},"end":{"line":97,"column":1}},"47":{"start":{"line":86,"column":2},"end":{"line":86,"column":55}},"48":{"start":{"line":86,"column":42},"end":{"line":86,"column":55}},"49":{"start":{"line":88,"column":2},"end":{"line":88,"column":58}},"50":{"start":{"line":89,"column":2},"end":{"line":96,"column":4}},"51":{"start":{"line":90,"column":4},"end":{"line":90,"column":26}},"52":{"start":{"line":90,"column":13},"end":{"line":90,"column":26}},"53":{"start":{"line":92,"column":4},"end":{"line":92,"column":21}},"54":{"start":{"line":93,"column":4},"end":{"line":93,"column":25}},"55":{"start":{"line":93,"column":12},"end":{"line":93,"column":25}},"56":{"start":{"line":95,"column":4},"end":{"line":95,"column":36}},"57":{"start":{"line":99,"column":0},"end":{"line":99,"column":24}},"58":{"start":{"line":100,"column":0},"end":{"line":126,"column":1}},"59":{"start":{"line":101,"column":2},"end":{"line":101,"column":21}},"60":{"start":{"line":102,"column":2},"end":{"line":108,"column":3}},"61":{"start":{"line":103,"column":4},"end":{"line":107,"column":5}},"62":{"start":{"line":104,"column":6},"end":{"line":104,"column":27}},"63":{"start":{"line":105,"column":11},"end":{"line":107,"column":5}},"64":{"start":{"line":106,"column":6},"end":{"line":106,"column":24}},"65":{"start":{"line":110,"column":2},"end":{"line":110,"column":32}},"66":{"start":{"line":110,"column":12},"end":{"line":110,"column":32}},"67":{"start":{"line":111,"column":2},"end":{"line":111,"column":19}},"68":{"start":{"line":113,"column":2},"end":{"line":113,"column":29}},"69":{"start":{"line":114,"column":2},"end":{"line":114,"column":20}},"70":{"start":{"line":115,"column":2},"end":{"line":115,"column":21}},"71":{"start":{"line":116,"column":2},"end":{"line":118,"column":4}},"72":{"start":{"line":117,"column":4},"end":{"line":117,"column":24}},"73":{"start":{"line":120,"column":2},"end":{"line":125,"column":3}},"74":{"start":{"line":121,"column":4},"end":{"line":121,"column":24}},"75":{"start":{"line":121,"column":18},"end":{"line":121,"column":24}},"76":{"start":{"line":122,"column":4},"end":{"line":122,"column":36}},"77":{"start":{"line":122,"column":12},"end":{"line":122,"column":36}},"78":{"start":{"line":123,"column":4},"end":{"line":123,"column":23}},"79":{"start":{"line":123,"column":17},"end":{"line":123,"column":23}},"80":{"start":{"line":124,"column":4},"end":{"line":124,"column":38}},"81":{"start":{"line":128,"column":0},"end":{"line":133,"column":1}},"82":{"start":{"line":129,"column":2},"end":{"line":129,"column":42}},"83":{"start":{"line":129,"column":21},"end":{"line":129,"column":42}},"84":{"start":{"line":130,"column":2},"end":{"line":130,"column":35}},"85":{"start":{"line":131,"column":2},"end":{"line":131,"column":38}},"86":{"start":{"line":132,"column":2},"end":{"line":132,"column":16}},"87":{"start":{"line":135,"column":0},"end":{"line":144,"column":1}},"88":{"start":{"line":136,"column":2},"end":{"line":136,"column":19}},"89":{"start":{"line":138,"column":2},"end":{"line":138,"column":52}},"90":{"start":{"line":138,"column":29},"end":{"line":138,"column":52}},"91":{"start":{"line":140,"column":2},"end":{"line":140,"column":52}},"92":{"start":{"line":141,"column":2},"end":{"line":143,"column":3}},"93":{"start":{"line":142,"column":4},"end":{"line":142,"column":43}},"94":{"start":{"line":146,"column":0},"end":{"line":155,"column":1}},"95":{"start":{"line":147,"column":2},"end":{"line":147,"column":30}},"96":{"start":{"line":148,"column":2},"end":{"line":148,"column":28}},"97":{"start":{"line":149,"column":2},"end":{"line":149,"column":54}},"98":{"start":{"line":149,"column":33},"end":{"line":149,"column":54}},"99":{"start":{"line":151,"column":2},"end":{"line":154,"column":4}},"100":{"start":{"line":152,"column":4},"end":{"line":152,"column":25}},"101":{"start":{"line":152,"column":12},"end":{"line":152,"column":25}},"102":{"start":{"line":153,"column":4},"end":{"line":153,"column":35}},"103":{"start":{"line":157,"column":0},"end":{"line":164,"column":1}},"104":{"start":{"line":158,"column":2},"end":{"line":158,"column":42}},"105":{"start":{"line":158,"column":21},"end":{"line":158,"column":42}},"106":{"start":{"line":159,"column":2},"end":{"line":159,"column":28}},"107":{"start":{"line":160,"column":2},"end":{"line":160,"column":32}},"108":{"start":{"line":161,"column":2},"end":{"line":161,"column":18}},"109":{"start":{"line":162,"column":2},"end":{"line":162,"column":21}},"110":{"start":{"line":163,"column":2},"end":{"line":163,"column":23}},"111":{"start":{"line":166,"column":0},"end":{"line":174,"column":1}},"112":{"start":{"line":167,"column":2},"end":{"line":167,"column":30}},"113":{"start":{"line":168,"column":2},"end":{"line":168,"column":28}},"114":{"start":{"line":169,"column":2},"end":{"line":169,"column":36}},"115":{"start":{"line":169,"column":15},"end":{"line":169,"column":36}},"116":{"start":{"line":170,"column":2},"end":{"line":173,"column":4}},"117":{"start":{"line":171,"column":4},"end":{"line":171,"column":25}},"118":{"start":{"line":171,"column":12},"end":{"line":171,"column":25}},"119":{"start":{"line":172,"column":4},"end":{"line":172,"column":36}},"120":{"start":{"line":176,"column":0},"end":{"line":182,"column":1}},"121":{"start":{"line":177,"column":2},"end":{"line":177,"column":42}},"122":{"start":{"line":177,"column":21},"end":{"line":177,"column":42}},"123":{"start":{"line":178,"column":2},"end":{"line":178,"column":28}},"124":{"start":{"line":179,"column":2},"end":{"line":179,"column":28}},"125":{"start":{"line":180,"column":2},"end":{"line":180,"column":18}},"126":{"start":{"line":181,"column":2},"end":{"line":181,"column":23}},"127":{"start":{"line":184,"column":0},"end":{"line":192,"column":1}},"128":{"start":{"line":185,"column":2},"end":{"line":185,"column":46}},"129":{"start":{"line":185,"column":25},"end":{"line":185,"column":46}},"130":{"start":{"line":186,"column":2},"end":{"line":186,"column":54}},"131":{"start":{"line":187,"column":2},"end":{"line":191,"column":4}},"132":{"start":{"line":189,"column":4},"end":{"line":189,"column":33}},"133":{"start":{"line":189,"column":12},"end":{"line":189,"column":33}},"134":{"start":{"line":190,"column":4},"end":{"line":190,"column":32}},"135":{"start":{"line":194,"column":0},"end":{"line":202,"column":1}},"136":{"start":{"line":195,"column":2},"end":{"line":199,"column":4}},"137":{"start":{"line":196,"column":4},"end":{"line":196,"column":46}},"138":{"start":{"line":198,"column":4},"end":{"line":198,"column":15}},"139":{"start":{"line":200,"column":2},"end":{"line":200,"column":24}},"140":{"start":{"line":201,"column":2},"end":{"line":201,"column":23}},"141":{"start":{"line":204,"column":0},"end":{"line":219,"column":1}},"142":{"start":{"line":205,"column":2},"end":{"line":205,"column":40}},"143":{"start":{"line":205,"column":19},"end":{"line":205,"column":40}},"144":{"start":{"line":206,"column":2},"end":{"line":206,"column":30}},"145":{"start":{"line":207,"column":2},"end":{"line":207,"column":55}},"146":{"start":{"line":208,"column":2},"end":{"line":218,"column":4}},"147":{"start":{"line":209,"column":4},"end":{"line":209,"column":25}},"148":{"start":{"line":209,"column":12},"end":{"line":209,"column":25}},"149":{"start":{"line":211,"column":4},"end":{"line":213,"column":6}},"150":{"start":{"line":212,"column":6},"end":{"line":212,"column":31}},"151":{"start":{"line":214,"column":4},"end":{"line":214,"column":34}},"152":{"start":{"line":214,"column":23},"end":{"line":214,"column":34}},"153":{"start":{"line":215,"column":4},"end":{"line":215,"column":40}},"154":{"start":{"line":216,"column":4},"end":{"line":216,"column":34}},"155":{"start":{"line":217,"column":4},"end":{"line":217,"column":31}},"156":{"start":{"line":221,"column":0},"end":{"line":234,"column":1}},"157":{"start":{"line":222,"column":2},"end":{"line":222,"column":18}},"158":{"start":{"line":223,"column":2},"end":{"line":223,"column":33}},"159":{"start":{"line":224,"column":2},"end":{"line":230,"column":3}},"160":{"start":{"line":225,"column":4},"end":{"line":229,"column":5}},"161":{"start":{"line":226,"column":6},"end":{"line":226,"column":21}},"162":{"start":{"line":227,"column":11},"end":{"line":229,"column":5}},"163":{"start":{"line":228,"column":6},"end":{"line":228,"column":18}},"164":{"start":{"line":233,"column":2},"end":{"line":233,"column":24}},"165":{"start":{"line":236,"column":0},"end":{"line":245,"column":1}},"166":{"start":{"line":237,"column":2},"end":{"line":237,"column":30}},"167":{"start":{"line":238,"column":2},"end":{"line":244,"column":4}},"168":{"start":{"line":240,"column":4},"end":{"line":240,"column":23}},"169":{"start":{"line":240,"column":12},"end":{"line":240,"column":23}},"170":{"start":{"line":241,"column":4},"end":{"line":241,"column":20}},"171":{"start":{"line":242,"column":4},"end":{"line":242,"column":30}},"172":{"start":{"line":243,"column":4},"end":{"line":243,"column":23}},"173":{"start":{"line":247,"column":0},"end":{"line":255,"column":1}},"174":{"start":{"line":248,"column":2},"end":{"line":248,"column":50}},"175":{"start":{"line":249,"column":2},"end":{"line":249,"column":43}},"176":{"start":{"line":249,"column":22},"end":{"line":249,"column":43}},"177":{"start":{"line":250,"column":2},"end":{"line":250,"column":41}},"178":{"start":{"line":251,"column":2},"end":{"line":254,"column":4}},"179":{"start":{"line":252,"column":4},"end":{"line":252,"column":25}},"180":{"start":{"line":252,"column":12},"end":{"line":252,"column":25}},"181":{"start":{"line":253,"column":4},"end":{"line":253,"column":31}},"182":{"start":{"line":257,"column":0},"end":{"line":263,"column":1}},"183":{"start":{"line":258,"column":2},"end":{"line":258,"column":50}},"184":{"start":{"line":259,"column":2},"end":{"line":261,"column":4}},"185":{"start":{"line":260,"column":4},"end":{"line":260,"column":50}},"186":{"start":{"line":262,"column":2},"end":{"line":262,"column":23}},"187":{"start":{"line":265,"column":0},"end":{"line":276,"column":1}},"188":{"start":{"line":266,"column":2},"end":{"line":266,"column":69}},"189":{"start":{"line":266,"column":31},"end":{"line":266,"column":69}},"190":{"start":{"line":268,"column":2},"end":{"line":268,"column":50}},"191":{"start":{"line":269,"column":2},"end":{"line":269,"column":43}},"192":{"start":{"line":269,"column":22},"end":{"line":269,"column":43}},"193":{"start":{"line":271,"column":2},"end":{"line":271,"column":41}},"194":{"start":{"line":272,"column":2},"end":{"line":275,"column":4}},"195":{"start":{"line":273,"column":4},"end":{"line":273,"column":25}},"196":{"start":{"line":273,"column":12},"end":{"line":273,"column":25}},"197":{"start":{"line":274,"column":4},"end":{"line":274,"column":31}},"198":{"start":{"line":278,"column":0},"end":{"line":288,"column":1}},"199":{"start":{"line":279,"column":2},"end":{"line":279,"column":59}},"200":{"start":{"line":280,"column":2},"end":{"line":286,"column":8}},"201":{"start":{"line":281,"column":4},"end":{"line":284,"column":5}},"202":{"start":{"line":282,"column":6},"end":{"line":282,"column":31}},"203":{"start":{"line":283,"column":6},"end":{"line":283,"column":31}},"204":{"start":{"line":285,"column":4},"end":{"line":285,"column":14}},"205":{"start":{"line":287,"column":2},"end":{"line":287,"column":23}},"206":{"start":{"line":290,"column":0},"end":{"line":298,"column":1}},"207":{"start":{"line":291,"column":2},"end":{"line":291,"column":41}},"208":{"start":{"line":291,"column":20},"end":{"line":291,"column":41}},"209":{"start":{"line":292,"column":2},"end":{"line":292,"column":30}},"210":{"start":{"line":293,"column":2},"end":{"line":293,"column":43}},"211":{"start":{"line":294,"column":2},"end":{"line":297,"column":4}},"212":{"start":{"line":295,"column":4},"end":{"line":295,"column":33}},"213":{"start":{"line":295,"column":12},"end":{"line":295,"column":33}},"214":{"start":{"line":296,"column":4},"end":{"line":296,"column":39}},"215":{"start":{"line":300,"column":0},"end":{"line":313,"column":1}},"216":{"start":{"line":301,"column":2},"end":{"line":304,"column":3}},"217":{"start":{"line":302,"column":4},"end":{"line":302,"column":30}},"218":{"start":{"line":303,"column":4},"end":{"line":303,"column":25}},"219":{"start":{"line":305,"column":2},"end":{"line":305,"column":50}},"220":{"start":{"line":306,"column":2},"end":{"line":306,"column":48}},"221":{"start":{"line":307,"column":2},"end":{"line":312,"column":4}},"222":{"start":{"line":308,"column":4},"end":{"line":308,"column":42}},"223":{"start":{"line":308,"column":21},"end":{"line":308,"column":42}},"224":{"start":{"line":309,"column":4},"end":{"line":309,"column":44}},"225":{"start":{"line":310,"column":4},"end":{"line":310,"column":23}},"226":{"start":{"line":311,"column":4},"end":{"line":311,"column":25}},"227":{"start":{"line":319,"column":0},"end":{"line":338,"column":1}},"228":{"start":{"line":320,"column":2},"end":{"line":320,"column":48}},"229":{"start":{"line":320,"column":37},"end":{"line":320,"column":48}},"230":{"start":{"line":322,"column":2},"end":{"line":322,"column":34}},"231":{"start":{"line":323,"column":2},"end":{"line":323,"column":28}},"232":{"start":{"line":324,"column":2},"end":{"line":324,"column":28}},"233":{"start":{"line":324,"column":17},"end":{"line":324,"column":28}},"234":{"start":{"line":326,"column":2},"end":{"line":330,"column":3}},"235":{"start":{"line":327,"column":4},"end":{"line":327,"column":14}},"236":{"start":{"line":328,"column":4},"end":{"line":328,"column":56}},"237":{"start":{"line":328,"column":17},"end":{"line":328,"column":56}},"238":{"start":{"line":329,"column":4},"end":{"line":329,"column":23}},"239":{"start":{"line":329,"column":19},"end":{"line":329,"column":23}},"240":{"start":{"line":332,"column":2},"end":{"line":337,"column":4}},"241":{"start":{"line":333,"column":4},"end":{"line":333,"column":36}},"242":{"start":{"line":334,"column":4},"end":{"line":334,"column":31}},"243":{"start":{"line":335,"column":4},"end":{"line":335,"column":48}},"244":{"start":{"line":336,"column":4},"end":{"line":336,"column":56}},"245":{"start":{"line":340,"column":0},"end":{"line":358,"column":1}},"246":{"start":{"line":341,"column":2},"end":{"line":341,"column":31}},"247":{"start":{"line":343,"column":2},"end":{"line":346,"column":3}},"248":{"start":{"line":344,"column":4},"end":{"line":344,"column":31}},"249":{"start":{"line":344,"column":25},"end":{"line":344,"column":31}},"250":{"start":{"line":345,"column":4},"end":{"line":345,"column":42}},"251":{"start":{"line":345,"column":13},"end":{"line":345,"column":42}},"252":{"start":{"line":348,"column":2},"end":{"line":352,"column":3}},"253":{"start":{"line":349,"column":4},"end":{"line":349,"column":37}},"254":{"start":{"line":351,"column":4},"end":{"line":351,"column":20}},"255":{"start":{"line":354,"column":2},"end":{"line":357,"column":4}},"256":{"start":{"line":355,"column":4},"end":{"line":355,"column":26}},"257":{"start":{"line":356,"column":4},"end":{"line":356,"column":18}},"258":{"start":{"line":360,"column":0},"end":{"line":364,"column":1}},"259":{"start":{"line":361,"column":2},"end":{"line":361,"column":35}},"260":{"start":{"line":362,"column":2},"end":{"line":362,"column":37}},"261":{"start":{"line":363,"column":2},"end":{"line":363,"column":25}},"262":{"start":{"line":366,"column":0},"end":{"line":368,"column":1}},"263":{"start":{"line":367,"column":2},"end":{"line":367,"column":62}},"264":{"start":{"line":371,"column":0},"end":{"line":387,"column":1}},"265":{"start":{"line":372,"column":2},"end":{"line":372,"column":46}},"266":{"start":{"line":374,"column":2},"end":{"line":374,"column":34}},"267":{"start":{"line":374,"column":23},"end":{"line":374,"column":34}},"268":{"start":{"line":375,"column":2},"end":{"line":375,"column":16}},"269":{"start":{"line":376,"column":2},"end":{"line":376,"column":31}},"270":{"start":{"line":378,"column":2},"end":{"line":378,"column":34}},"271":{"start":{"line":378,"column":23},"end":{"line":378,"column":34}},"272":{"start":{"line":379,"column":2},"end":{"line":379,"column":16}},"273":{"start":{"line":380,"column":2},"end":{"line":380,"column":37}},"274":{"start":{"line":382,"column":2},"end":{"line":386,"column":3}},"275":{"start":{"line":383,"column":4},"end":{"line":383,"column":31}},"276":{"start":{"line":385,"column":4},"end":{"line":385,"column":15}},"277":{"start":{"line":389,"column":0},"end":{"line":394,"column":1}},"278":{"start":{"line":390,"column":2},"end":{"line":390,"column":58}},"279":{"start":{"line":391,"column":2},"end":{"line":391,"column":23}},"280":{"start":{"line":392,"column":2},"end":{"line":392,"column":15}},"281":{"start":{"line":393,"column":2},"end":{"line":393,"column":10}}},"branchMap":{"1":{"line":33,"type":"if","locations":[{"start":{"line":33,"column":4},"end":{"line":33,"column":4}},{"start":{"line":33,"column":4},"end":{"line":33,"column":4}}]},"2":{"line":35,"type":"if","locations":[{"start":{"line":35,"column":11},"end":{"line":35,"column":11}},{"start":{"line":35,"column":11},"end":{"line":35,"column":11}}]},"3":{"line":40,"type":"if","locations":[{"start":{"line":40,"column":2},"end":{"line":40,"column":2}},{"start":{"line":40,"column":2},"end":{"line":40,"column":2}}]},"4":{"line":56,"type":"if","locations":[{"start":{"line":56,"column":2},"end":{"line":56,"column":2}},{"start":{"line":56,"column":2},"end":{"line":56,"colum
[...]
158,"column":2}},{"start":{"line":158,"column":2},"end":{"line":158,"column":2}}]},"28":{"line":159,"type":"binary-expr","locations":[{"start":{"line":159,"column":10},"end":{"line":159,"column":22}},{"start":{"line":159,"column":26},"end":{"line":159,"column":28}}]},"29":{"line":168,"type":"binary-expr","locations":[{"start":{"line":168,"column":10},"end":{"line":168,"column":22}},{"start":{"line":168,"column":26},"end":{"line":168,"column":28}}]},"30":{"line":169,"type":"if","locations":[{"start":{"line":169,"column":2},"end":{"line":169,"column":2}},{"start":{"line":169,"column":2},"end":{"line":169,"column":2}}]},"31":{"line":171,"type":"if","locations":[{"start":{"line":171,"column":4},"end":{"line":171,"column":4}},{"start":{"line":171,"column":4},"end":{"line":171,"column":4}}]},"32":{"line":177,"type":"if","locations":[{"start":{"line":177,"column":2},"end":{"line":177,"column":2}},{"start":{"line":177,"column":2},"end":{"line":177,"column":2}}]},"33":{"line":178,"type":"binary-expr","locations":[{"start":{"line":178,"column":10},"end":{"line":178,"column":22}},{"start":{"line":178,"column":26},"end":{"line":178,"column":28}}]},"34":{"line":185,"type":"if","locations":[{"start":{"line":185,"column":2},"end":{"line":185,"column":2}},{"start":{"line":185,"column":2},"end":{"line":185,"column":2}}]},"35":{"line":189,"type":"if","locations":[{"start":{"line":189,"column":4},"end":{"line":189,"column":4}},{"start":{"line":189,"column":4},"end":{"line":189,"column":4}}]},"36":{"line":205,"type":"if","locations":[{"start":{"line":205,"column":2},"end":{"line":205,"column":2}},{"start":{"line":205,"column":2},"end":{"line":205,"column":2}}]},"37":{"line":209,"type":"if","locations":[{"start":{"line":209,"column":4},"end":{"line":209,"column":4}},{"start":{"line":209,"column":4},"end":{"line":209,"column":4}}]},"38":{"line":214,"type":"if","locations":[{"start":{"line":214,"column":4},"end":{"line":214,"column":4}},{"start":{"line":214,"column":4},"end":{"line":214,"column":4}}]},"39":{"line":225,"type":"if","locations":[{"start":{"line":225,"column":4},"end":{"line":225,"column":4}},{"start":{"line":225,"column":4},"end":{"line":225,"column":4}}]},"40":{"line":227,"type":"if","locations":[{"start":{"line":227,"column":11},"end":{"line":227,"column":11}},{"start":{"line":227,"column":11},"end":{"line":227,"column":11}}]},"41":{"line":240,"type":"if","locations":[{"start":{"line":240,"column":4},"end":{"line":240,"column":4}},{"start":{"line":240,"column":4},"end":{"line":240,"column":4}}]},"42":{"line":248,"type":"binary-expr","locations":[{"start":{"line":248,"column":10},"end":{"line":248,"column":26}},{"start":{"line":248,"column":30},"end":{"line":248,"column":50}}]},"43":{"line":249,"type":"if","locations":[{"start":{"line":249,"column":2},"end":{"line":249,"column":2}},{"start":{"line":249,"column":2},"end":{"line":249,"column":2}}]},"44":{"line":249,"type":"binary-expr","locations":[{"start":{"line":249,"column":6},"end":{"line":249,"column":14}},{"start":{"line":249,"column":18},"end":{"line":249,"column":20}}]},"45":{"line":252,"type":"if","locations":[{"start":{"line":252,"column":4},"end":{"line":252,"column":4}},{"start":{"line":252,"column":4},"end":{"line":252,"column":4}}]},"46":{"line":258,"type":"binary-expr","locations":[{"start":{"line":258,"column":10},"end":{"line":258,"column":26}},{"start":{"line":258,"column":30},"end":{"line":258,"column":50}}]},"47":{"line":266,"type":"if","locations":[{"start":{"line":266,"column":2},"end":{"line":266,"column":2}},{"start":{"line":266,"column":2},"end":{"line":266,"column":2}}]},"48":{"line":268,"type":"binary-expr","locations":[{"start":{"line":268,"column":10},"end":{"line":268,"column":26}},{"start":{"line":268,"column":30},"end":{"line":268,"column":50}}]},"49":{"line":269,"type":"if","locations":[{"start":{"line":269,"column":2},"end":{"line":269,"column":2}},{"start":{"line":269,"column":2},"end":{"line":269,"column":2}}]},"50":{"line":269,"type":"binary-expr","locations":[{"start":{"line":269,"column":6},"end":{"line":269,"column":14}},{"start":{"line":269,"column":18},"end":{"line":269,"column":20}}]},"51":{"line":273,"type":"if","locations":[{"start":{"line":273,"column":4},"end":{"line":273,"column":4}},{"start":{"line":273,"column":4},"end":{"line":273,"column":4}}]},"52":{"line":279,"type":"binary-expr","locations":[{"start":{"line":279,"column":11},"end":{"line":279,"column":27}},{"start":{"line":279,"column":31},"end":{"line":279,"column":51}},{"start":{"line":279,"column":56},"end":{"line":279,"column":59}}]},"53":{"line":281,"type":"if","locations":[{"start":{"line":281,"column":4},"end":{"line":281,"column":4}},{"start":{"line":281,"column":4},"end":{"line":281,"column":4}}]},"54":{"line":281,"type":"binary-expr","locations":[{"start":{"line":281,"column":8},"end":{"line":281,"column":10}},{"start":{"line":281,"column":14},"end":{"line":281,"column":34}}]},"55":{"line":291,"type":"if","locations":[{"start":{"line":291,"column":2},"end":{"line":291,"column":2}},{"start":{"line":291,"column":2},"end":{"line":291,"column":2}}]},"56":{"line":295,"type":"if","locations":[{"start":{"line":295,"column":4},"end":{"line":295,"column":4}},{"start":{"line":295,"column":4},"end":{"line":295,"column":4}}]},"57":{"line":301,"type":"if","locations":[{"start":{"line":301,"column":2},"end":{"line":301,"column":2}},{"start":{"line":301,"column":2},"end":{"line":301,"column":2}}]},"58":{"line":308,"type":"if","locations":[{"start":{"line":308,"column":4},"end":{"line":308,"column":4}},{"start":{"line":308,"column":4},"end":{"line":308,"column":4}}]},"59":{"line":308,"type":"binary-expr","locations":[{"start":{"line":308,"column":8},"end":{"line":308,"column":10}},{"start":{"line":308,"column":14},"end":{"line":308,"column":19}}]},"60":{"line":320,"type":"if","locations":[{"start":{"line":320,"column":2},"end":{"line":320,"column":2}},{"start":{"line":320,"column":2},"end":{"line":320,"column":2}}]},"61":{"line":324,"type":"if","locations":[{"start":{"line":324,"column":2},"end":{"line":324,"column":2}},{"start":{"line":324,"column":2},"end":{"line":324,"column":2}}]},"62":{"line":328,"type":"if","locations":[{"start":{"line":328,"column":4},"end":{"line":328,"column":4}},{"start":{"line":328,"column":4},"end":{"line":328,"column":4}}]},"63":{"line":329,"type":"if","locations":[{"start":{"line":329,"column":4},"end":{"line":329,"column":4}},{"start":{"line":329,"column":4},"end":{"line":329,"column":4}}]},"64":{"line":344,"type":"if","locations":[{"start":{"line":344,"column":4},"end":{"line":344,"column":4}},{"start":{"line":344,"column":4},"end":{"line":344,"column":4}}]},"65":{"line":345,"type":"if","locations":[{"start":{"line":345,"column":4},"end":{"line":345,"column":4}},{"start":{"line":345,"column":4},"end":{"line":345,"column":4}}]},"66":{"line":367,"type":"cond-expr","locations":[{"start":{"line":367,"column":47},"end":{"line":367,"column":49}},{"start":{"line":367,"column":52},"end":{"line":367,"column":62}}]},"67":{"line":367,"type":"binary-expr","locations":[{"start":{"line":367,"column":10},"end":{"line":367,"column":14}},{"start":{"line":367,"column":18},"end":{"line":367,"column":43}}]},"68":{"line":374,"type":"if","locations":[{"start":{"line":374,"column":2},"end":{"line":374,"column":2}},{"start":{"line":374,"column":2},"end":{"line":374,"column":2}}]},"69":{"line":378,"type":"if","locations":[{"start":{"line":378,"column":2},"end":{"line":378,"column":2}},{"start":{"line":378,"column":2},"end":{"line":378,"column":2}}]}},"code":["var fs","try {","  fs = require('graceful-fs')","} catch (er) {","  fs = require('fs')","}","","var path = require('path')","","var glob = require('glob')","var normalizeData = require('normalize-package-data')","var safeJSON = require('json-parse-helpfulerror')","","module.exports = readJson","","// put more stuff on here to customize.","readJson.extraSet = [","  gypfile,","  serverjs,","  scriptpath,","  authors,","  readme,","  mans,","  bins,","  githead","]","","var typoWarned = {}","","function readJson (file, log_, strict_, cb_) {","  var log, strict, cb","  for (var i = 1; i < arguments.length - 1; i++) {","    if (typeof arguments[i] === 'boolean') {","      strict = arguments[i]","    } else if (typeof arguments[i] === 'function') {","      log = arguments[i]","    }","  }","","  if (!log) log = function () {}","  cb = arguments[ arguments.length - 1 ]","","  readJson_(file, log, strict, cb)","}","","function readJson_ (file, log, strict, cb) {","  fs.readFile(file, 'utf8', function (er, d) {","    parseJson(file, er, d, log, strict, cb)","  })","}","","function stripBOM (content) {","  // Remove byte order marker. This catches EF BB BF (the UTF-8 BOM)","  // because the buffer-to-string conversion in `fs.readFileSync()`","  // translates it to FEFF, the UTF-16 BOM.","  if (content.charCodeAt(0) === 0xFEFF) content = content.slice(1)","  return content","}","","function parseJson (file, er, d, log, strict, cb) {","  if (er && er.code === 'ENOENT') {","    return fs.stat(path.dirname(file), function (err, stat) {","      if (!err && stat && !stat.isDirectory()) {","        // ENOTDIR isn't used on Windows, but npm expects it.","        er = Object.create(er)","        er.code = 'ENOTDIR'","        return cb(er)","      } else {","        return indexjs(file, er, log, strict, cb)","      }","    })","  }","  if (er) return cb(er)","","  try {","    d = safeJSON.parse(stripBOM(d))","  } catch (er) {","    d = parseIndex(d)","    if (!d) return cb(parseError(er, file))","  }","","  extras(file, d, log, strict, cb)","}","","function indexjs (file, er, log, strict, cb) {","  if (path.basename(file) === 'index.js') return cb(er)","","  var index = path.resolve(path.dirname(file), 'index.js')","  fs.readFile(index, 'utf8', function (er2, d) {","    if (er2) return cb(er)","","    d = parseIndex(d)","    if (!d) return cb(er)","","    extras(file, d, log, strict, cb)","  })","}","","readJson.extras = extras","function extras (file, data, log_, strict_, cb_) {","  var log, strict, cb","  for (var i = 2; i < arguments.length - 1; i++) {","    if (typeof arguments[i] === 'boolean') {","      strict = arguments[i]","    } else if (typeof arguments[i] === 'function') {","      log = arguments[i]","    }","  }","","  if (!log) log = function () {}","  cb = arguments[i]","","  var set = readJson.extraSet","  var n = set.length","  var errState = null","  set.forEach(function (fn) {","    fn(file, data, then)","  })","","  function then (er) {","    if (errState) return","    if (er) return cb(errState = er)","    if (--n > 0) return","    final(file, data, log, strict, cb)","  }","}","","function scriptpath (file, data, cb) {","  if (!data.scripts) return cb(null, data)","  var k = Object.keys(data.scripts)","  k.forEach(scriptpath_, data.scripts)","  cb(null, data)","}","","function scriptpath_ (key) {","  var s = this[key]","  // This is never allowed, and only causes problems","  if (typeof s !== 'string') return delete this[key]","","  var spre = /^(\\.[/\\\\])?node_modules[/\\\\].bin[\\\\/]/","  if (s.match(spre)) {","    this[key] = this[key].replace(spre, '')","  }","}","","function gypfile (file, data, cb) {","  var dir = path.dirname(file)","  var s = data.scripts || {}","  if (s.install || s.preinstall) return cb(null, data)","","  glob('*.gyp', { cwd: dir }, function (er, files) {","    if (er) return cb(er)","    gypfile_(file, data, files, cb)","  })","}","","function gypfile_ (file, data, files, cb) {","  if (!files.length) return cb(null, data)","  var s = data.scripts || {}","  s.install = 'node-gyp rebuild'","  data.scripts = s","  data.gypfile = true","  return cb(null, data)","}","","function serverjs (file, data, cb) {","  var dir = path.dirname(file)","  var s = data.scripts || {}","  if (s.start) return cb(null, data)","  glob('server.js', { cwd: dir }, function (er, files) {","    if (er) return cb(er)","    serverjs_(file, data, files, cb)","  })","}","","function serverjs_ (file, data, files, cb) {","  if (!files.length) return cb(null, data)","  var s = data.scripts || {}","  s.start = 'node server.js'","  data.scripts = s","  return cb(null, data)","}","","function authors (file, data, cb) {","  if (data.contributors) return cb(null, data)","  var af = path.resolve(path.dirname(file), 'AUTHORS')","  fs.readFile(af, 'utf8', function (er, ad) {","    // ignore error.  just checking it.","    if (er) return cb(null, data)","    authors_(file, data, ad, cb)","  })","}","","function authors_ (file, data, ad, cb) {","  ad = ad.split(/\\r?\\n/g).map(function (line) {","    return line.replace(/^\\s*#.*$/, '').trim()","  }).filter(function (line) {","    return line","  })","  data.contributors = ad","  return cb(null, data)","}","","function readme (file, data, cb) {","  if (data.readme) return cb(null, data)","  var dir = path.dirname(file)","  var globOpts = { cwd: dir, nocase: true, mark: true }","  glob('{README,README.*}', globOpts, function (er, files) {","    if (er) return cb(er)","    // don't accept directories.","    files = files.filter(function (file) {","      return !file.match(/\\/$/)","    })","    if (!files.length) return cb()","    var fn = preferMarkdownReadme(files)","    var rm = path.resolve(dir, fn)","    readme_(file, data, rm, cb)","  })","}","","function preferMarkdownReadme (files) {","  var fallback = 0","  var re = /\\.m?a?r?k?d?o?w?n?$/i","  for (var i = 0; i < files.length; i++) {","    if (files[i].match(re)) {","      return files[i]","    } else if (files[i].match(/README$/)) {","      fallback = i","    }","  }","  // prefer README.md, followed by README; otherwise, return","  // the first filename (which could be README)","  return files[fallback]","}","","function readme_ (file, data, rm, cb) {","  var rmfn = path.basename(rm)","  fs.readFile(rm, 'utf8', function (er, rm) {","    // maybe not readable, or something.","    if (er) return cb()","    data.readme = rm","    data.readmeFilename = rmfn","    return cb(er, data)","  })","}","","function mans (file, data, cb) {","  var m = data.directories && data.directories.man","  if (data.man || !m) return cb(null, data)","  m = path.resolve(path.dirname(file), m)","  glob('**/*.[0-9]', { cwd: m }, function (er, mans) {","    if (er) return cb(er)","    mans_(file, data, mans, cb)","  })","}","","function mans_ (file, data, mans, cb) {","  var m = data.directories && data.directories.man","  data.man = mans.map(function (mf) {","    return path.resolve(path.dirname(file), m, mf)","  })","  return cb(null, data)","}","","function bins (file, data, cb) {","  if (Array.isArray(data.bin)) return bins_(file, data, data.bin, cb)","","  var m = data.directories && data.directories.bin","  if (data.bin || !m) return cb(null, data)","","  m = path.resolve(path.dirname(file), m)","  glob('**', { cwd: m }, function (er, bins) {","    if (er) return cb(er)","    bins_(file, data, bins, cb)","  })","}","","function bins_ (file, data, bins, cb) {","  var m = (data.directories && data.directories.bin) || '.'","  data.bin = bins.reduce(function (acc, mf) {","    if (mf && mf.charAt(0) !== '.') {","      var f = path.basename(mf)","      acc[f] = path.join(m, mf)","    }","    return acc","  }, {})","  return cb(null, data)","}","","function githead (file, data, cb) {","  if (data.gitHead) return cb(null, data)","  var dir = path.dirname(file)","  var head = path.resolve(dir, '.git/HEAD')","  fs.readFile(head, 'utf8', function (er, head) {","    if (er) return cb(null, data)","    githead_(file, data, dir, head, cb)","  })","}","","function githead_ (file, data, dir, head, cb) {","  if (!head.match(/^ref: /)) {","    data.gitHead = head.trim()","    return cb(null, data)","  }","  var headFile = head.replace(/^ref: /, '').trim()","  headFile = path.resolve(dir, '.git', headFile)","  fs.readFile(headFile, 'utf8', function (er, head) {","    if (er || !head) return cb(null, data)","    head = head.replace(/^ref: /, '').trim()","    data.gitHead = head","    return cb(null, data)","  })","}","","/**"," * Warn if the bin references don't point to anything.  This might be better in"," * normalize-package-data if it had access to the file path."," */","function checkBinReferences_ (file, data, warn, cb) {","  if (!(data.bin instanceof Object)) return cb()","","  var keys = Object.keys(data.bin)","  var keysLeft = keys.length","  if (!keysLeft) return cb()","","  function handleExists (relName, result) {","    keysLeft--","    if (!result) warn('No bin file found at ' + relName)","    if (!keysLeft) cb()","  }","","  keys.forEach(function (key) {","    var dirName = path.dirname(file)","    var relName = data.bin[key]","    var binPath = path.resolve(dirName, relName)","    fs.exists(binPath, handleExists.bind(null, relName))","  })","}","","function final (file, data, log, strict, cb) {","  var pId = makePackageId(data)","","  function warn (msg) {","    if (typoWarned[pId]) return","    if (log) log('package.json', pId, msg)","  }","","  try {","    normalizeData(data, warn, strict)","  } catch (error) {","    return cb(error)","  }","","  checkBinReferences_(file, data, warn, function () {","    typoWarned[pId] = true","    cb(null, data)","  })","}","","function makePackageId (data) {","  var name = cleanString(data.name)","  var ver = cleanString(data.version)","  return name + '@' + ver","}","","function cleanString (str) {","  return (!str || typeof (str) !== 'string') ? '' : str.trim()","}","","// /**package { \"name\": \"foo\", \"version\": \"1.2.3\", ... } **/","function parseIndex (data) {","  data = data.split(/^\\/\\*\\*package(?:\\s|$)/m)","","  if (data.length < 2) return null","  data = data[1]","  data = data.split(/\\*\\*\\/$/m)","","  if (data.length < 2) return null","  data = data[0]","  data = data.replace(/^\\s*\\*/mg, '')","","  try {","    return safeJSON.parse(data)","  } catch (er) {","    return null","  }","}","","function parseError (ex, file) {","  var e = new Error('Failed to parse json\\n' + ex.message)","  e.code = 'EJSONPARSE'","  e.file = file","  return e","}",""],"l":{"1":1,"2":1,"3":1,"5":0,"8":1,"10":1,"11":1,"12":1,"14":1,"17":1,"28":1,"30":1,"31":0,"32":0,"33":0,"34":0,"35":0,"36":0,"40":0,"41":0,"43":0,"46":1,"47":0,"48":0,"52":1,"56":0,"57":0,"60":1,"61":0,"62":0,"63":0,"65":0,"66":0,"67":0,"69":0,"73":0,"75":0,"76":0,"78":0,"79":0,"82":0,"85":1,"86":0,"88":0,"89":0,"90":0,"92":0,"93":0,"95":0,"99":1,"100":1,"101":0,"102":0,"103":0,"104":0,"105":0,"106":0,"110":0,"111":0,"113":0,"114":0,"115":0,"116":0,"117":0,"120":1,"121":0,"122":0,"123":0,"124":0,"128":1,"129":0,"130":0,"131":0,"132":0,"135":1,"136":0,"138":0,"140":0,"141":0,"142":0,"146":1,"147":0,"148":0,"149":0,"151":0,"152":0,"153":0,"157":1,"158":0,"159":0,"160":0,"161":0,"162":0,"163":0,"166":1,"167":0,"168":0,"169":0,"170":0,"171":0,"172":0,"176":1,"177":0,"178":0,"179":0,"180":0,"181":0,"184":1,"185":0,"186":0,"187":0,"189":0,"190":0,"194":1,"195":0,"196":0,"198":0,"200":0,"201":0,"204":1,"205":0,"206":0,"207":0,"208":0,"209":0,"211":0,"212":0,"214":0,"215":0,"216":0,"217":0,"221":1,"222":0,"223":0,"224":0,"225":0,"226":0,"227":0,"228":0,"233":0,"236":1,"237":0,"238":0,"240":0,"241":0,"242":0,"243":0,"247":1,"248":0,"249":0,"250":0,"251":0,"252":0,"253":0,"257":1,"258":0,"259":0,"260":0,"262":0,"265":1,"266":0,"268":0,"269":0,"271":0,"272":0,"273":0,"274":0,"278":1,"279":0,"280":0,"281":0,"282":0,"283":0,"285":0,"287":0,"290":1,"291":0,"292":0,"293":0,"294":0,"295":0,"296":0,"300":1,"301":0,"302":0,"303":0,"305":0,"306":0,"307":0,"308":0,"309":0,"310":0,"311":0,"319":1,"320":0,"322":0,"323":0,"324":0,"326":1,"327":0,"328":0,"329":0,"332":0,"333":0,"334":0,"335":0,"336":0,"340":1,"341":0,"343":1,"344":0,"345":0,"348":0,"349":0,"351":0,"354":0,"355":0,"356":0,"360":1,"361":0,"362":0,"363":0,"366":1,"367":0,"371":1,"372":0,"374":0,"375":0,"376":0,"378":0,"379":0,"380":0,"382":0,"383":0,"385":0,"389":1,"390":0,"391":0,"392":0,"393":0}}}